This is e-pTeX, Version 3.14159265-p3.8.3-191112-2.6 (utf8.euc) (TeX Live 2020) (preloaded format=platex 2020.12.19)  20 JAN 2021 03:40
entering extended mode
 restricted \write18 enabled.
 file:line:error style messages enabled.
 %&-line parsing enabled.
**introduction.tex
(./introduction.tex
pLaTeX2e <2020-10-01>+1 (based on LaTeX2e <2020-10-01> patch level 2)
L3 programming layer <2020-12-07> xparse <2020-03-03>
./introduction.tex:2: Undefined control sequence.
l.2 \changeindent
                 {0cm}
The control sequence at the end of the top line
of your error message was never \def'ed. If you have
misspelled it (e.g., `\hobx'), type `I' and the correct
spelling (e.g., `I\hbox'). Otherwise just continue,
and I'll forget about whatever was undefined.


./introduction.tex:2: LaTeX Error: Missing \begin{document}.

See the LaTeX manual or LaTeX Companion for explanation.
Type  H <return>  for immediate help.
 ...                                              
                                                  
l.2 \changeindent{0
                   cm}
You're in trouble here.  Try typing  <return>  to proceed.
If that doesn't work, type  X <return>  to quit.

./introduction.tex:3: Undefined control sequence.
l.3 \section
            {はじめに}
The control sequence at the end of the top line
of your error message was never \def'ed. If you have
misspelled it (e.g., `\hobx'), type `I' and the correct
spelling (e.g., `I\hbox'). Otherwise just continue,
and I'll forget about whatever was undefined.

./introduction.tex:4: Undefined control sequence.
l.4 \changeindent
                 {2cm}
The control sequence at the end of the top line
of your error message was never \def'ed. If you have
misspelled it (e.g., `\hobx'), type `I' and the correct
spelling (e.g., `I\hbox'). Otherwise just continue,
and I'll forget about whatever was undefined.


Overfull \hbox (37.77782pt too wide) in paragraph at lines 2--11
[]\OT1/cmr/m/n/10 0cm
 []


Overfull \hbox (9.62216pt too wide) in paragraph at lines 2--11
\JY1/mc/m/n/10 は
 []


Overfull \hbox (9.62216pt too wide) in paragraph at lines 2--11
\JY1/mc/m/n/10 じ
 []


Overfull \hbox (9.62216pt too wide) in paragraph at lines 2--11
\JY1/mc/m/n/10 め
 []


Overfull \hbox (9.62216pt too wide) in paragraph at lines 2--11
\JY1/mc/m/n/10 に
 []


Overfull \hbox (17.77782pt too wide) in paragraph at lines 2--11
\OT1/cmr/m/n/10 2cm
 []


Overfull \hbox (9.62216pt too wide) in paragraph at lines 2--11
\JY1/mc/m/n/10 近
 []


Overfull \hbox (12.39995pt too wide) in paragraph at lines 2--11
\JY1/mc/m/n/10 年\OT1/cmr/m/n/10 ,
 []


Overfull \hbox (9.62216pt too wide) in paragraph at lines 2--11
\JY1/mc/m/n/10 機
 []


Overfull \hbox (9.62216pt too wide) in paragraph at lines 2--11
\JY1/mc/m/n/10 械
 []


Overfull \hbox (9.62216pt too wide) in paragraph at lines 2--11
\JY1/mc/m/n/10 学
 []


Overfull \hbox (9.62216pt too wide) in paragraph at lines 2--11
\JY1/mc/m/n/10 習
 []


Overfull \hbox (9.62216pt too wide) in paragraph at lines 2--11
\JY1/mc/m/n/10 の
 []


Overfull \hbox (9.62216pt too wide) in paragraph at lines 2--11
\JY1/mc/m/n/10 発
 []


Overfull \hbox (9.62216pt too wide) in paragraph at lines 2--11
\JY1/mc/m/n/10 展
 []


Overfull \hbox (9.62216pt too wide) in paragraph at lines 2--11
\JY1/mc/m/n/10 に
 []


Overfull \hbox (9.62216pt too wide) in paragraph at lines 2--11
\JY1/mc/m/n/10 伴
 []


Overfull \hbox (12.39995pt too wide) in paragraph at lines 2--11
\JY1/mc/m/n/10 い\OT1/cmr/m/n/10 ,
 []


Overfull \hbox (9.62216pt too wide) in paragraph at lines 2--11
\JY1/mc/m/n/10 自
 []


Overfull \hbox (9.62216pt too wide) in paragraph at lines 2--11
\JY1/mc/m/n/10 然
 []


Overfull \hbox (9.62216pt too wide) in paragraph at lines 2--11
\JY1/mc/m/n/10 言
 []


Overfull \hbox (9.62216pt too wide) in paragraph at lines 2--11
\JY1/mc/m/n/10 語
 []


Overfull \hbox (9.62216pt too wide) in paragraph at lines 2--11
\JY1/mc/m/n/10 処
 []


Overfull \hbox (9.62216pt too wide) in paragraph at lines 2--11
\JY1/mc/m/n/10 理
 []


Overfull \hbox (9.62216pt too wide) in paragraph at lines 2--11
\JY1/mc/m/n/10 の
 []


Overfull \hbox (9.62216pt too wide) in paragraph at lines 2--11
\JY1/mc/m/n/10 分
 []


Overfull \hbox (9.62216pt too wide) in paragraph at lines 2--11
\JY1/mc/m/n/10 野
 []


Overfull \hbox (9.62216pt too wide) in paragraph at lines 2--11
\JY1/mc/m/n/10 に
 []


Overfull \hbox (9.62216pt too wide) in paragraph at lines 2--11
\JY1/mc/m/n/10 お
 []


Overfull \hbox (9.62216pt too wide) in paragraph at lines 2--11
\JY1/mc/m/n/10 い
 []


Overfull \hbox (9.62216pt too wide) in paragraph at lines 2--11
\JY1/mc/m/n/10 て
 []


Overfull \hbox (9.62216pt too wide) in paragraph at lines 2--11
\JY1/mc/m/n/10 も
 []


Overfull \hbox (9.62216pt too wide) in paragraph at lines 2--11
\JY1/mc/m/n/10 機
 []


Overfull \hbox (9.62216pt too wide) in paragraph at lines 2--11
\JY1/mc/m/n/10 械
 []


Overfull \hbox (9.62216pt too wide) in paragraph at lines 2--11
\JY1/mc/m/n/10 学
 []


Overfull \hbox (9.62216pt too wide) in paragraph at lines 2--11
\JY1/mc/m/n/10 習
 []


Overfull \hbox (9.62216pt too wide) in paragraph at lines 2--11
\JY1/mc/m/n/10 を
 []


Overfull \hbox (9.62216pt too wide) in paragraph at lines 2--11
\JY1/mc/m/n/10 用
 []


Overfull \hbox (9.62216pt too wide) in paragraph at lines 2--11
\JY1/mc/m/n/10 い
 []


Overfull \hbox (9.62216pt too wide) in paragraph at lines 2--11
\JY1/mc/m/n/10 た
 []


Overfull \hbox (9.62216pt too wide) in paragraph at lines 2--11
\JY1/mc/m/n/10 手
 []


Overfull \hbox (9.62216pt too wide) in paragraph at lines 2--11
\JY1/mc/m/n/10 法
 []


Overfull \hbox (9.62216pt too wide) in paragraph at lines 2--11
\JY1/mc/m/n/10 が
 []


Overfull \hbox (9.62216pt too wide) in paragraph at lines 2--11
\JY1/mc/m/n/10 大
 []


Overfull \hbox (9.62216pt too wide) in paragraph at lines 2--11
\JY1/mc/m/n/10 き
 []


Overfull \hbox (9.62216pt too wide) in paragraph at lines 2--11
\JY1/mc/m/n/10 な
 []


Overfull \hbox (9.62216pt too wide) in paragraph at lines 2--11
\JY1/mc/m/n/10 成
 []


Overfull \hbox (9.62216pt too wide) in paragraph at lines 2--11
\JY1/mc/m/n/10 果
 []


Overfull \hbox (9.62216pt too wide) in paragraph at lines 2--11
\JY1/mc/m/n/10 を
 []


Overfull \hbox (9.62216pt too wide) in paragraph at lines 2--11
\JY1/mc/m/n/10 上
 []


Overfull \hbox (9.62216pt too wide) in paragraph at lines 2--11
\JY1/mc/m/n/10 げ
 []


Overfull \hbox (9.62216pt too wide) in paragraph at lines 2--11
\JY1/mc/m/n/10 て
 []


Overfull \hbox (9.62216pt too wide) in paragraph at lines 2--11
\JY1/mc/m/n/10 い
 []


Overfull \hbox (12.39995pt too wide) in paragraph at lines 2--11
\JY1/mc/m/n/10 る\OT1/cmr/m/n/10 .
 []


Overfull \hbox (9.62216pt too wide) in paragraph at lines 2--11
\JY1/mc/m/n/10 自
 []


Overfull \hbox (9.62216pt too wide) in paragraph at lines 2--11
\JY1/mc/m/n/10 然
 []


Overfull \hbox (9.62216pt too wide) in paragraph at lines 2--11
\JY1/mc/m/n/10 言
 []


Overfull \hbox (9.62216pt too wide) in paragraph at lines 2--11
\JY1/mc/m/n/10 語
 []


Overfull \hbox (9.62216pt too wide) in paragraph at lines 2--11
\JY1/mc/m/n/10 処
 []


Overfull \hbox (9.62216pt too wide) in paragraph at lines 2--11
\JY1/mc/m/n/10 理
 []


Overfull \hbox (9.62216pt too wide) in paragraph at lines 2--11
\JY1/mc/m/n/10 の
 []


Overfull \hbox (9.62216pt too wide) in paragraph at lines 2--11
\JY1/mc/m/n/10 タ
 []


Overfull \hbox (9.62216pt too wide) in paragraph at lines 2--11
\JY1/mc/m/n/10 ス
 []


Overfull \hbox (9.62216pt too wide) in paragraph at lines 2--11
\JY1/mc/m/n/10 ク
 []


Overfull \hbox (9.62216pt too wide) in paragraph at lines 2--11
\JY1/mc/m/n/10 の
 []


Overfull \hbox (5.00002pt too wide) in paragraph at lines 2--11
\OT1/cmr/m/n/10 1
 []


Overfull \hbox (9.62216pt too wide) in paragraph at lines 2--11
\JY1/mc/m/n/10 つ
 []


Overfull \hbox (9.62216pt too wide) in paragraph at lines 2--11
\JY1/mc/m/n/10 で
 []


Overfull \hbox (9.62216pt too wide) in paragraph at lines 2--11
\JY1/mc/m/n/10 あ
 []


Overfull \hbox (9.62216pt too wide) in paragraph at lines 2--11
\JY1/mc/m/n/10 る
 []


Overfull \hbox (9.62216pt too wide) in paragraph at lines 2--11
\JY1/mc/m/n/10 文
 []


Overfull \hbox (9.62216pt too wide) in paragraph at lines 2--11
\JY1/mc/m/n/10 章
 []


Overfull \hbox (9.62216pt too wide) in paragraph at lines 2--11
\JY1/mc/m/n/10 生
 []


Overfull \hbox (9.62216pt too wide) in paragraph at lines 2--11
\JY1/mc/m/n/10 成
 []


Overfull \hbox (9.62216pt too wide) in paragraph at lines 2--11
\JY1/mc/m/n/10 に
 []


Overfull \hbox (9.62216pt too wide) in paragraph at lines 2--11
\JY1/mc/m/n/10 お
 []


Overfull \hbox (9.62216pt too wide) in paragraph at lines 2--11
\JY1/mc/m/n/10 い
 []


Overfull \hbox (9.62216pt too wide) in paragraph at lines 2--11
\JY1/mc/m/n/10 て
 []


Overfull \hbox (12.39995pt too wide) in paragraph at lines 2--11
\JY1/mc/m/n/10 も\OT1/cmr/m/n/10 ,
 []


Overfull \hbox (17.0965pt too wide) in paragraph at lines 2--11
\JY1/mc/m/n/10 次 々
 []


Overfull \hbox (9.62216pt too wide) in paragraph at lines 2--11
\JY1/mc/m/n/10 に
 []


Overfull \hbox (9.62216pt too wide) in paragraph at lines 2--11
\JY1/mc/m/n/10 新
 []


Overfull \hbox (9.62216pt too wide) in paragraph at lines 2--11
\JY1/mc/m/n/10 し
 []


Overfull \hbox (9.62216pt too wide) in paragraph at lines 2--11
\JY1/mc/m/n/10 い
 []


Overfull \hbox (9.62216pt too wide) in paragraph at lines 2--11
\JY1/mc/m/n/10 モ
 []


Overfull \hbox (9.62216pt too wide) in paragraph at lines 2--11
\JY1/mc/m/n/10 デ
 []


Overfull \hbox (9.62216pt too wide) in paragraph at lines 2--11
\JY1/mc/m/n/10 ル
 []


Overfull \hbox (9.62216pt too wide) in paragraph at lines 2--11
\JY1/mc/m/n/10 が
 []


Overfull \hbox (9.62216pt too wide) in paragraph at lines 2--11
\JY1/mc/m/n/10 提
 []


Overfull \hbox (9.62216pt too wide) in paragraph at lines 2--11
\JY1/mc/m/n/10 案
 []


Overfull \hbox (9.62216pt too wide) in paragraph at lines 2--11
\JY1/mc/m/n/10 さ
 []


Overfull \hbox (9.62216pt too wide) in paragraph at lines 2--11
\JY1/mc/m/n/10 れ
 []


Overfull \hbox (9.62216pt too wide) in paragraph at lines 2--11
\JY1/mc/m/n/10 て
 []


Overfull \hbox (9.62216pt too wide) in paragraph at lines 2--11
\JY1/mc/m/n/10 お
 []


Overfull \hbox (12.39995pt too wide) in paragraph at lines 2--11
\JY1/mc/m/n/10 り\OT1/cmr/m/n/10 ,
 []


Overfull \hbox (9.62216pt too wide) in paragraph at lines 2--11
\JY1/mc/m/n/10 短
 []


Overfull \hbox (9.62216pt too wide) in paragraph at lines 2--11
\JY1/mc/m/n/10 文
 []


Overfull \hbox (9.62216pt too wide) in paragraph at lines 2--11
\JY1/mc/m/n/10 に
 []


Overfull \hbox (9.62216pt too wide) in paragraph at lines 2--11
\JY1/mc/m/n/10 お
 []


Overfull \hbox (9.62216pt too wide) in paragraph at lines 2--11
\JY1/mc/m/n/10 い
 []


Overfull \hbox (9.62216pt too wide) in paragraph at lines 2--11
\JY1/mc/m/n/10 て
 []


Overfull \hbox (9.62216pt too wide) in paragraph at lines 2--11
\JY1/mc/m/n/10 は
 []


Overfull \hbox (9.62216pt too wide) in paragraph at lines 2--11
\JY1/mc/m/n/10 人
 []


Overfull \hbox (9.62216pt too wide) in paragraph at lines 2--11
\JY1/mc/m/n/10 間
 []


Overfull \hbox (9.62216pt too wide) in paragraph at lines 2--11
\JY1/mc/m/n/10 と
 []


Overfull \hbox (9.62216pt too wide) in paragraph at lines 2--11
\JY1/mc/m/n/10 同
 []


Overfull \hbox (9.62216pt too wide) in paragraph at lines 2--11
\JY1/mc/m/n/10 程
 []


Overfull \hbox (9.62216pt too wide) in paragraph at lines 2--11
\JY1/mc/m/n/10 度
 []


Overfull \hbox (9.62216pt too wide) in paragraph at lines 2--11
\JY1/mc/m/n/10 あ
 []


Overfull \hbox (9.62216pt too wide) in paragraph at lines 2--11
\JY1/mc/m/n/10 る
 []


Overfull \hbox (9.62216pt too wide) in paragraph at lines 2--11
\JY1/mc/m/n/10 い
 []


Overfull \hbox (9.62216pt too wide) in paragraph at lines 2--11
\JY1/mc/m/n/10 は
 []


Overfull \hbox (9.62216pt too wide) in paragraph at lines 2--11
\JY1/mc/m/n/10 そ
 []


Overfull \hbox (9.62216pt too wide) in paragraph at lines 2--11
\JY1/mc/m/n/10 れ
 []


Overfull \hbox (9.62216pt too wide) in paragraph at lines 2--11
\JY1/mc/m/n/10 以
 []


Overfull \hbox (9.62216pt too wide) in paragraph at lines 2--11
\JY1/mc/m/n/10 上
 []


Overfull \hbox (9.62216pt too wide) in paragraph at lines 2--11
\JY1/mc/m/n/10 の
 []


Overfull \hbox (9.62216pt too wide) in paragraph at lines 2--11
\JY1/mc/m/n/10 成
 []


Overfull \hbox (9.62216pt too wide) in paragraph at lines 2--11
\JY1/mc/m/n/10 果
 []


Overfull \hbox (9.62216pt too wide) in paragraph at lines 2--11
\JY1/mc/m/n/10 を
 []


Overfull \hbox (9.62216pt too wide) in paragraph at lines 2--11
\JY1/mc/m/n/10 上
 []


Overfull \hbox (9.62216pt too wide) in paragraph at lines 2--11
\JY1/mc/m/n/10 げ
 []


Overfull \hbox (9.62216pt too wide) in paragraph at lines 2--11
\JY1/mc/m/n/10 て
 []


Overfull \hbox (9.62216pt too wide) in paragraph at lines 2--11
\JY1/mc/m/n/10 い
 []


Overfull \hbox (9.62216pt too wide) in paragraph at lines 2--11
\JY1/mc/m/n/10 る
 []


Overfull \hbox (9.62216pt too wide) in paragraph at lines 2--11
\JY1/mc/m/n/10 も
 []


Overfull \hbox (9.62216pt too wide) in paragraph at lines 2--11
\JY1/mc/m/n/10 の
 []


Overfull \hbox (9.62216pt too wide) in paragraph at lines 2--11
\JY1/mc/m/n/10 も
 []


Overfull \hbox (9.62216pt too wide) in paragraph at lines 2--11
\JY1/mc/m/n/10 数
 []


Overfull \hbox (9.62216pt too wide) in paragraph at lines 2--11
\JY1/mc/m/n/10 多
 []


Overfull \hbox (9.62216pt too wide) in paragraph at lines 2--11
\JY1/mc/m/n/10 く
 []


Overfull \hbox (9.62216pt too wide) in paragraph at lines 2--11
\JY1/mc/m/n/10 提
 []


Overfull \hbox (9.62216pt too wide) in paragraph at lines 2--11
\JY1/mc/m/n/10 案
 []


Overfull \hbox (9.62216pt too wide) in paragraph at lines 2--11
\JY1/mc/m/n/10 さ
 []


Overfull \hbox (9.62216pt too wide) in paragraph at lines 2--11
\JY1/mc/m/n/10 れ
 []


Overfull \hbox (9.62216pt too wide) in paragraph at lines 2--11
\JY1/mc/m/n/10 て
 []


Overfull \hbox (9.62216pt too wide) in paragraph at lines 2--11
\JY1/mc/m/n/10 い
 []


Overfull \hbox (12.39995pt too wide) in paragraph at lines 2--11
\JY1/mc/m/n/10 る\OT1/cmr/m/n/10 .
 []


Overfull \hbox (9.62216pt too wide) in paragraph at lines 2--11
\JY1/mc/m/n/10 し
 []


Overfull \hbox (9.62216pt too wide) in paragraph at lines 2--11
\JY1/mc/m/n/10 か
 []


Overfull \hbox (12.39995pt too wide) in paragraph at lines 2--11
\JY1/mc/m/n/10 し\OT1/cmr/m/n/10 ,
 []


Overfull \hbox (9.62216pt too wide) in paragraph at lines 2--11
\JY1/mc/m/n/10 こ
 []


Overfull \hbox (9.62216pt too wide) in paragraph at lines 2--11
\JY1/mc/m/n/10 れ
 []


Overfull \hbox (9.62216pt too wide) in paragraph at lines 2--11
\JY1/mc/m/n/10 ら
 []


Overfull \hbox (9.62216pt too wide) in paragraph at lines 2--11
\JY1/mc/m/n/10 の
 []


Overfull \hbox (9.62216pt too wide) in paragraph at lines 2--11
\JY1/mc/m/n/10 モ
 []


Overfull \hbox (9.62216pt too wide) in paragraph at lines 2--11
\JY1/mc/m/n/10 デ
 []


Overfull \hbox (9.62216pt too wide) in paragraph at lines 2--11
\JY1/mc/m/n/10 ル
 []


Overfull \hbox (9.62216pt too wide) in paragraph at lines 2--11
\JY1/mc/m/n/10 の
 []


Overfull \hbox (9.62216pt too wide) in paragraph at lines 2--11
\JY1/mc/m/n/10 多
 []


Overfull \hbox (9.62216pt too wide) in paragraph at lines 2--11
\JY1/mc/m/n/10 く
 []


Overfull \hbox (9.62216pt too wide) in paragraph at lines 2--11
\JY1/mc/m/n/10 は
 []


Overfull \hbox (5.00002pt too wide) in paragraph at lines 2--11
\OT1/cmr/m/n/10 1
 []


Overfull \hbox (9.62216pt too wide) in paragraph at lines 2--11
\JY1/mc/m/n/10 文
 []


Overfull \hbox (9.62216pt too wide) in paragraph at lines 2--11
\JY1/mc/m/n/10 内
 []


Overfull \hbox (9.62216pt too wide) in paragraph at lines 2--11
\JY1/mc/m/n/10 の
 []


Overfull \hbox (9.62216pt too wide) in paragraph at lines 2--11
\JY1/mc/m/n/10 単
 []


Overfull \hbox (9.62216pt too wide) in paragraph at lines 2--11
\JY1/mc/m/n/10 語
 []


Overfull \hbox (9.62216pt too wide) in paragraph at lines 2--11
\JY1/mc/m/n/10 間
 []


Overfull \hbox (9.62216pt too wide) in paragraph at lines 2--11
\JY1/mc/m/n/10 の
 []


Overfull \hbox (9.62216pt too wide) in paragraph at lines 2--11
\JY1/mc/m/n/10 関
 []


Overfull \hbox (9.62216pt too wide) in paragraph at lines 2--11
\JY1/mc/m/n/10 係
 []


Overfull \hbox (9.62216pt too wide) in paragraph at lines 2--11
\JY1/mc/m/n/10 性
 []


Overfull \hbox (9.62216pt too wide) in paragraph at lines 2--11
\JY1/mc/m/n/10 を
 []


Overfull \hbox (9.62216pt too wide) in paragraph at lines 2--11
\JY1/mc/m/n/10 考
 []


Overfull \hbox (9.62216pt too wide) in paragraph at lines 2--11
\JY1/mc/m/n/10 慮
 []


Overfull \hbox (9.62216pt too wide) in paragraph at lines 2--11
\JY1/mc/m/n/10 し
 []


Overfull \hbox (9.62216pt too wide) in paragraph at lines 2--11
\JY1/mc/m/n/10 て
 []


Overfull \hbox (9.62216pt too wide) in paragraph at lines 2--11
\JY1/mc/m/n/10 い
 []


Overfull \hbox (9.62216pt too wide) in paragraph at lines 2--11
\JY1/mc/m/n/10 る
 []


Overfull \hbox (9.62216pt too wide) in paragraph at lines 2--11
\JY1/mc/m/n/10 も
 []


Overfull \hbox (9.62216pt too wide) in paragraph at lines 2--11
\JY1/mc/m/n/10 の
 []


Overfull \hbox (9.62216pt too wide) in paragraph at lines 2--11
\JY1/mc/m/n/10 で
 []


Overfull \hbox (9.62216pt too wide) in paragraph at lines 2--11
\JY1/mc/m/n/10 あ
 []


Overfull \hbox (12.39995pt too wide) in paragraph at lines 2--11
\JY1/mc/m/n/10 り\OT1/cmr/m/n/10 ,
 []


Overfull \hbox (9.62216pt too wide) in paragraph at lines 2--11
\JY1/mc/m/n/10 文
 []


Overfull \hbox (9.62216pt too wide) in paragraph at lines 2--11
\JY1/mc/m/n/10 章
 []


Overfull \hbox (9.62216pt too wide) in paragraph at lines 2--11
\JY1/mc/m/n/10 間
 []


Overfull \hbox (9.62216pt too wide) in paragraph at lines 2--11
\JY1/mc/m/n/10 の
 []


Overfull \hbox (9.62216pt too wide) in paragraph at lines 2--11
\JY1/mc/m/n/10 関
 []


Overfull \hbox (9.62216pt too wide) in paragraph at lines 2--11
\JY1/mc/m/n/10 係
 []


Overfull \hbox (9.62216pt too wide) in paragraph at lines 2--11
\JY1/mc/m/n/10 性
 []


Overfull \hbox (9.62216pt too wide) in paragraph at lines 2--11
\JY1/mc/m/n/10 を
 []


Overfull \hbox (9.62216pt too wide) in paragraph at lines 2--11
\JY1/mc/m/n/10 考
 []


Overfull \hbox (9.62216pt too wide) in paragraph at lines 2--11
\JY1/mc/m/n/10 慮
 []


Overfull \hbox (9.62216pt too wide) in paragraph at lines 2--11
\JY1/mc/m/n/10 し
 []


Overfull \hbox (9.62216pt too wide) in paragraph at lines 2--11
\JY1/mc/m/n/10 た
 []


Overfull \hbox (9.62216pt too wide) in paragraph at lines 2--11
\JY1/mc/m/n/10 モ
 []


Overfull \hbox (9.62216pt too wide) in paragraph at lines 2--11
\JY1/mc/m/n/10 デ
 []


Overfull \hbox (9.62216pt too wide) in paragraph at lines 2--11
\JY1/mc/m/n/10 ル
 []


Overfull \hbox (9.62216pt too wide) in paragraph at lines 2--11
\JY1/mc/m/n/10 は
 []


Overfull \hbox (9.62216pt too wide) in paragraph at lines 2--11
\JY1/mc/m/n/10 ま
 []


Overfull \hbox (9.62216pt too wide) in paragraph at lines 2--11
\JY1/mc/m/n/10 だ
 []


Overfull \hbox (9.62216pt too wide) in paragraph at lines 2--11
\JY1/mc/m/n/10 十
 []


Overfull \hbox (9.62216pt too wide) in paragraph at lines 2--11
\JY1/mc/m/n/10 分
 []


Overfull \hbox (9.62216pt too wide) in paragraph at lines 2--11
\JY1/mc/m/n/10 な
 []


Overfull \hbox (9.62216pt too wide) in paragraph at lines 2--11
\JY1/mc/m/n/10 研
 []


Overfull \hbox (9.62216pt too wide) in paragraph at lines 2--11
\JY1/mc/m/n/10 究
 []


Overfull \hbox (9.62216pt too wide) in paragraph at lines 2--11
\JY1/mc/m/n/10 が
 []


Overfull \hbox (9.62216pt too wide) in paragraph at lines 2--11
\JY1/mc/m/n/10 な
 []


Overfull \hbox (9.62216pt too wide) in paragraph at lines 2--11
\JY1/mc/m/n/10 さ
 []


Overfull \hbox (9.62216pt too wide) in paragraph at lines 2--11
\JY1/mc/m/n/10 れ
 []


Overfull \hbox (9.62216pt too wide) in paragraph at lines 2--11
\JY1/mc/m/n/10 て
 []


Overfull \hbox (9.62216pt too wide) in paragraph at lines 2--11
\JY1/mc/m/n/10 い
 []


Overfull \hbox (9.62216pt too wide) in paragraph at lines 2--11
\JY1/mc/m/n/10 な
 []


Overfull \hbox (12.39995pt too wide) in paragraph at lines 2--11
\JY1/mc/m/n/10 い\OT1/cmr/m/n/10 . 
 []


./introduction.tex:11: LaTeX Error: The font size command \normalsize is not defined:
               there is probably something wrong with the class file.

See the LaTeX manual or LaTeX Companion for explanation.
Type  H <return>  for immediate help.
 ...                                              
                                                  
l.11 ...デルはまだ十分な研究がなされていない. \par
                                                  
Your command was ignored.
Type  I <command> <return>  to replace it with another command,
or  <return>  to continue without it.

[1]

./introduction.tex:12: LaTeX Error: Missing \begin{document}.

See the LaTeX manual or LaTeX Companion for explanation.
Type  H <return>  for immediate help.
 ...                                              
                                                  
l.12 本
       研究では複数文からなる文章の生成を目的としたときに必要となる, 文同士...
You're in trouble here.  Try typing  <return>  to proceed.
If that doesn't work, type  X <return>  to quit.


Overfull \hbox (29.62216pt too wide) in paragraph at lines 12--14
[]\JY1/mc/m/n/10 本
 []


Overfull \hbox (9.62216pt too wide) in paragraph at lines 12--14
\JY1/mc/m/n/10 研
 []


Overfull \hbox (9.62216pt too wide) in paragraph at lines 12--14
\JY1/mc/m/n/10 究
 []


Overfull \hbox (9.62216pt too wide) in paragraph at lines 12--14
\JY1/mc/m/n/10 で
 []


Overfull \hbox (9.62216pt too wide) in paragraph at lines 12--14
\JY1/mc/m/n/10 は
 []


Overfull \hbox (9.62216pt too wide) in paragraph at lines 12--14
\JY1/mc/m/n/10 複
 []


Overfull \hbox (9.62216pt too wide) in paragraph at lines 12--14
\JY1/mc/m/n/10 数
 []


Overfull \hbox (9.62216pt too wide) in paragraph at lines 12--14
\JY1/mc/m/n/10 文
 []


Overfull \hbox (9.62216pt too wide) in paragraph at lines 12--14
\JY1/mc/m/n/10 か
 []


Overfull \hbox (9.62216pt too wide) in paragraph at lines 12--14
\JY1/mc/m/n/10 ら
 []


Overfull \hbox (9.62216pt too wide) in paragraph at lines 12--14
\JY1/mc/m/n/10 な
 []


Overfull \hbox (9.62216pt too wide) in paragraph at lines 12--14
\JY1/mc/m/n/10 る
 []


Overfull \hbox (9.62216pt too wide) in paragraph at lines 12--14
\JY1/mc/m/n/10 文
 []


Overfull \hbox (9.62216pt too wide) in paragraph at lines 12--14
\JY1/mc/m/n/10 章
 []


Overfull \hbox (9.62216pt too wide) in paragraph at lines 12--14
\JY1/mc/m/n/10 の
 []


Overfull \hbox (9.62216pt too wide) in paragraph at lines 12--14
\JY1/mc/m/n/10 生
 []


Overfull \hbox (9.62216pt too wide) in paragraph at lines 12--14
\JY1/mc/m/n/10 成
 []


Overfull \hbox (9.62216pt too wide) in paragraph at lines 12--14
\JY1/mc/m/n/10 を
 []


Overfull \hbox (9.62216pt too wide) in paragraph at lines 12--14
\JY1/mc/m/n/10 目
 []


Overfull \hbox (9.62216pt too wide) in paragraph at lines 12--14
\JY1/mc/m/n/10 的
 []


Overfull \hbox (9.62216pt too wide) in paragraph at lines 12--14
\JY1/mc/m/n/10 と
 []


Overfull \hbox (9.62216pt too wide) in paragraph at lines 12--14
\JY1/mc/m/n/10 し
 []


Overfull \hbox (9.62216pt too wide) in paragraph at lines 12--14
\JY1/mc/m/n/10 た
 []


Overfull \hbox (9.62216pt too wide) in paragraph at lines 12--14
\JY1/mc/m/n/10 と
 []


Overfull \hbox (9.62216pt too wide) in paragraph at lines 12--14
\JY1/mc/m/n/10 き
 []


Overfull \hbox (9.62216pt too wide) in paragraph at lines 12--14
\JY1/mc/m/n/10 に
 []


Overfull \hbox (9.62216pt too wide) in paragraph at lines 12--14
\JY1/mc/m/n/10 必
 []


Overfull \hbox (9.62216pt too wide) in paragraph at lines 12--14
\JY1/mc/m/n/10 要
 []


Overfull \hbox (9.62216pt too wide) in paragraph at lines 12--14
\JY1/mc/m/n/10 と
 []


Overfull \hbox (9.62216pt too wide) in paragraph at lines 12--14
\JY1/mc/m/n/10 な
 []


Overfull \hbox (12.39995pt too wide) in paragraph at lines 12--14
\JY1/mc/m/n/10 る\OT1/cmr/m/n/10 ,
 []


Overfull \hbox (9.62216pt too wide) in paragraph at lines 12--14
\JY1/mc/m/n/10 文
 []


Overfull \hbox (9.62216pt too wide) in paragraph at lines 12--14
\JY1/mc/m/n/10 同
 []


Overfull \hbox (9.62216pt too wide) in paragraph at lines 12--14
\JY1/mc/m/n/10 士
 []


Overfull \hbox (9.62216pt too wide) in paragraph at lines 12--14
\JY1/mc/m/n/10 の
 []


Overfull \hbox (9.62216pt too wide) in paragraph at lines 12--14
\JY1/mc/m/n/10 関
 []


Overfull \hbox (9.62216pt too wide) in paragraph at lines 12--14
\JY1/mc/m/n/10 係
 []


Overfull \hbox (9.62216pt too wide) in paragraph at lines 12--14
\JY1/mc/m/n/10 性
 []


Overfull \hbox (9.62216pt too wide) in paragraph at lines 12--14
\JY1/mc/m/n/10 の
 []


Overfull \hbox (9.62216pt too wide) in paragraph at lines 12--14
\JY1/mc/m/n/10 推
 []


Overfull \hbox (9.62216pt too wide) in paragraph at lines 12--14
\JY1/mc/m/n/10 定
 []


Overfull \hbox (9.62216pt too wide) in paragraph at lines 12--14
\JY1/mc/m/n/10 を
 []


Overfull \hbox (9.62216pt too wide) in paragraph at lines 12--14
\JY1/mc/m/n/10 最
 []


Overfull \hbox (9.62216pt too wide) in paragraph at lines 12--14
\JY1/mc/m/n/10 初
 []


Overfull \hbox (9.62216pt too wide) in paragraph at lines 12--14
\JY1/mc/m/n/10 の
 []


Overfull \hbox (9.62216pt too wide) in paragraph at lines 12--14
\JY1/mc/m/n/10 目
 []


Overfull \hbox (9.62216pt too wide) in paragraph at lines 12--14
\JY1/mc/m/n/10 標
 []


Overfull \hbox (9.62216pt too wide) in paragraph at lines 12--14
\JY1/mc/m/n/10 と
 []


Overfull \hbox (9.62216pt too wide) in paragraph at lines 12--14
\JY1/mc/m/n/10 し
 []


Overfull \hbox (9.62216pt too wide) in paragraph at lines 12--14
\JY1/mc/m/n/10 て
 []


Overfull \hbox (9.62216pt too wide) in paragraph at lines 12--14
\JY1/mc/m/n/10 設
 []


Overfull \hbox (9.62216pt too wide) in paragraph at lines 12--14
\JY1/mc/m/n/10 定
 []


Overfull \hbox (9.62216pt too wide) in paragraph at lines 12--14
\JY1/mc/m/n/10 し
 []


Overfull \hbox (12.39995pt too wide) in paragraph at lines 12--14
\JY1/mc/m/n/10 た\OT1/cmr/m/n/10 .
 []


Overfull \hbox (9.62216pt too wide) in paragraph at lines 12--14
\JY1/mc/m/n/10 こ
 []


Overfull \hbox (9.62216pt too wide) in paragraph at lines 12--14
\JY1/mc/m/n/10 こ
 []


Overfull \hbox (12.39995pt too wide) in paragraph at lines 12--14
\JY1/mc/m/n/10 で\OT1/cmr/m/n/10 ,
 []


Overfull \hbox (9.62216pt too wide) in paragraph at lines 12--14
\JY1/mc/m/n/10 文
 []


Overfull \hbox (9.62216pt too wide) in paragraph at lines 12--14
\JY1/mc/m/n/10 同
 []


Overfull \hbox (9.62216pt too wide) in paragraph at lines 12--14
\JY1/mc/m/n/10 士
 []


Overfull \hbox (9.62216pt too wide) in paragraph at lines 12--14
\JY1/mc/m/n/10 の
 []


Overfull \hbox (9.62216pt too wide) in paragraph at lines 12--14
\JY1/mc/m/n/10 関
 []


Overfull \hbox (9.62216pt too wide) in paragraph at lines 12--14
\JY1/mc/m/n/10 係
 []


Overfull \hbox (9.62216pt too wide) in paragraph at lines 12--14
\JY1/mc/m/n/10 性
 []


Overfull \hbox (9.62216pt too wide) in paragraph at lines 12--14
\JY1/mc/m/n/10 を
 []


Overfull \hbox (9.62216pt too wide) in paragraph at lines 12--14
\JY1/mc/m/n/10 考
 []


Overfull \hbox (9.62216pt too wide) in paragraph at lines 12--14
\JY1/mc/m/n/10 え
 []


Overfull \hbox (9.62216pt too wide) in paragraph at lines 12--14
\JY1/mc/m/n/10 る
 []


Overfull \hbox (9.62216pt too wide) in paragraph at lines 12--14
\JY1/mc/m/n/10 際
 []


Overfull \hbox (12.39995pt too wide) in paragraph at lines 12--14
\JY1/mc/m/n/10 に\OT1/cmr/m/n/10 ,
 []


Overfull \hbox (9.62216pt too wide) in paragraph at lines 12--14
\JY1/mc/m/n/10 文
 []


Overfull \hbox (9.62216pt too wide) in paragraph at lines 12--14
\JY1/mc/m/n/10 同
 []


Overfull \hbox (9.62216pt too wide) in paragraph at lines 12--14
\JY1/mc/m/n/10 士
 []


Overfull \hbox (9.62216pt too wide) in paragraph at lines 12--14
\JY1/mc/m/n/10 の
 []


Overfull \hbox (9.62216pt too wide) in paragraph at lines 12--14
\JY1/mc/m/n/10 間
 []


Overfull \hbox (9.62216pt too wide) in paragraph at lines 12--14
\JY1/mc/m/n/10 に
 []


Overfull \hbox (9.62216pt too wide) in paragraph at lines 12--14
\JY1/mc/m/n/10 あ
 []


Overfull \hbox (9.62216pt too wide) in paragraph at lines 12--14
\JY1/mc/m/n/10 る
 []


Overfull \hbox (9.62216pt too wide) in paragraph at lines 12--14
\JY1/mc/m/n/10 接
 []


Overfull \hbox (9.62216pt too wide) in paragraph at lines 12--14
\JY1/mc/m/n/10 続
 []


Overfull \hbox (9.62216pt too wide) in paragraph at lines 12--14
\JY1/mc/m/n/10 詞
 []


Overfull \hbox (9.62216pt too wide) in paragraph at lines 12--14
\JY1/mc/m/n/10 は
 []


Overfull \hbox (9.62216pt too wide) in paragraph at lines 12--14
\JY1/mc/m/n/10 そ
 []


Overfull \hbox (9.62216pt too wide) in paragraph at lines 12--14
\JY1/mc/m/n/10 れ
 []


Overfull \hbox (9.62216pt too wide) in paragraph at lines 12--14
\JY1/mc/m/n/10 ら
 []


Overfull \hbox (9.62216pt too wide) in paragraph at lines 12--14
\JY1/mc/m/n/10 を
 []


Overfull \hbox (9.62216pt too wide) in paragraph at lines 12--14
\JY1/mc/m/n/10 考
 []


Overfull \hbox (9.62216pt too wide) in paragraph at lines 12--14
\JY1/mc/m/n/10 慮
 []


Overfull \hbox (9.62216pt too wide) in paragraph at lines 12--14
\JY1/mc/m/n/10 す
 []


Overfull \hbox (9.62216pt too wide) in paragraph at lines 12--14
\JY1/mc/m/n/10 る
 []


Overfull \hbox (9.62216pt too wide) in paragraph at lines 12--14
\JY1/mc/m/n/10 重
 []


Overfull \hbox (9.62216pt too wide) in paragraph at lines 12--14
\JY1/mc/m/n/10 要
 []


Overfull \hbox (9.62216pt too wide) in paragraph at lines 12--14
\JY1/mc/m/n/10 な
 []


Overfull \hbox (9.62216pt too wide) in paragraph at lines 12--14
\JY1/mc/m/n/10 指
 []


Overfull \hbox (9.62216pt too wide) in paragraph at lines 12--14
\JY1/mc/m/n/10 標
 []


Overfull \hbox (9.62216pt too wide) in paragraph at lines 12--14
\JY1/mc/m/n/10 の
 []


Overfull \hbox (5.00002pt too wide) in paragraph at lines 12--14
\OT1/cmr/m/n/10 1
 []


Overfull \hbox (9.62216pt too wide) in paragraph at lines 12--14
\JY1/mc/m/n/10 つ
 []


Overfull \hbox (9.62216pt too wide) in paragraph at lines 12--14
\JY1/mc/m/n/10 に
 []


Overfull \hbox (9.62216pt too wide) in paragraph at lines 12--14
\JY1/mc/m/n/10 な
 []


Overfull \hbox (12.39995pt too wide) in paragraph at lines 12--14
\JY1/mc/m/n/10 る\OT1/cmr/m/n/10 .
 []


Overfull \hbox (9.62216pt too wide) in paragraph at lines 12--14
\JY1/mc/m/n/10 文
 []


Overfull \hbox (9.62216pt too wide) in paragraph at lines 12--14
\JY1/mc/m/n/10 間
 []


Overfull \hbox (9.62216pt too wide) in paragraph at lines 12--14
\JY1/mc/m/n/10 の
 []


Overfull \hbox (9.62216pt too wide) in paragraph at lines 12--14
\JY1/mc/m/n/10 接
 []


Overfull \hbox (9.62216pt too wide) in paragraph at lines 12--14
\JY1/mc/m/n/10 続
 []


Overfull \hbox (9.62216pt too wide) in paragraph at lines 12--14
\JY1/mc/m/n/10 詞
 []


Overfull \hbox (9.62216pt too wide) in paragraph at lines 12--14
\JY1/mc/m/n/10 の
 []


Overfull \hbox (9.62216pt too wide) in paragraph at lines 12--14
\JY1/mc/m/n/10 推
 []


Overfull \hbox (9.62216pt too wide) in paragraph at lines 12--14
\JY1/mc/m/n/10 定
 []


Overfull \hbox (9.62216pt too wide) in paragraph at lines 12--14
\JY1/mc/m/n/10 が
 []


Overfull \hbox (9.62216pt too wide) in paragraph at lines 12--14
\JY1/mc/m/n/10 可
 []


Overfull \hbox (9.62216pt too wide) in paragraph at lines 12--14
\JY1/mc/m/n/10 能
 []


Overfull \hbox (9.62216pt too wide) in paragraph at lines 12--14
\JY1/mc/m/n/10 と
 []


Overfull \hbox (9.62216pt too wide) in paragraph at lines 12--14
\JY1/mc/m/n/10 な
 []


Overfull \hbox (9.62216pt too wide) in paragraph at lines 12--14
\JY1/mc/m/n/10 れ
 []


Overfull \hbox (12.39995pt too wide) in paragraph at lines 12--14
\JY1/mc/m/n/10 ば\OT1/cmr/m/n/10 ,
 []


Overfull \hbox (9.62216pt too wide) in paragraph at lines 12--14
\JY1/mc/m/n/10 文
 []


Overfull \hbox (9.62216pt too wide) in paragraph at lines 12--14
\JY1/mc/m/n/10 同
 []


Overfull \hbox (9.62216pt too wide) in paragraph at lines 12--14
\JY1/mc/m/n/10 士
 []


Overfull \hbox (9.62216pt too wide) in paragraph at lines 12--14
\JY1/mc/m/n/10 の
 []


Overfull \hbox (9.62216pt too wide) in paragraph at lines 12--14
\JY1/mc/m/n/10 関
 []


Overfull \hbox (9.62216pt too wide) in paragraph at lines 12--14
\JY1/mc/m/n/10 係
 []


Overfull \hbox (9.62216pt too wide) in paragraph at lines 12--14
\JY1/mc/m/n/10 性
 []


Overfull \hbox (9.62216pt too wide) in paragraph at lines 12--14
\JY1/mc/m/n/10 推
 []


Overfull \hbox (9.62216pt too wide) in paragraph at lines 12--14
\JY1/mc/m/n/10 定
 []


Overfull \hbox (9.62216pt too wide) in paragraph at lines 12--14
\JY1/mc/m/n/10 に
 []


Overfull \hbox (9.62216pt too wide) in paragraph at lines 12--14
\JY1/mc/m/n/10 大
 []


Overfull \hbox (9.62216pt too wide) in paragraph at lines 12--14
\JY1/mc/m/n/10 き
 []


Overfull \hbox (9.62216pt too wide) in paragraph at lines 12--14
\JY1/mc/m/n/10 な
 []


Overfull \hbox (9.62216pt too wide) in paragraph at lines 12--14
\JY1/mc/m/n/10 指
 []


Overfull \hbox (9.62216pt too wide) in paragraph at lines 12--14
\JY1/mc/m/n/10 標
 []


Overfull \hbox (9.62216pt too wide) in paragraph at lines 12--14
\JY1/mc/m/n/10 を
 []


Overfull \hbox (9.62216pt too wide) in paragraph at lines 12--14
\JY1/mc/m/n/10 得
 []


Overfull \hbox (9.62216pt too wide) in paragraph at lines 12--14
\JY1/mc/m/n/10 る
 []


Overfull \hbox (9.62216pt too wide) in paragraph at lines 12--14
\JY1/mc/m/n/10 こ
 []


Overfull \hbox (9.62216pt too wide) in paragraph at lines 12--14
\JY1/mc/m/n/10 と
 []


Overfull \hbox (9.62216pt too wide) in paragraph at lines 12--14
\JY1/mc/m/n/10 が
 []


Overfull \hbox (9.62216pt too wide) in paragraph at lines 12--14
\JY1/mc/m/n/10 で
 []


Overfull \hbox (9.62216pt too wide) in paragraph at lines 12--14
\JY1/mc/m/n/10 き
 []


Overfull \hbox (9.62216pt too wide) in paragraph at lines 12--14
\JY1/mc/m/n/10 る
 []


Overfull \hbox (9.62216pt too wide) in paragraph at lines 12--14
\JY1/mc/m/n/10 と
 []


Overfull \hbox (9.62216pt too wide) in paragraph at lines 12--14
\JY1/mc/m/n/10 考
 []


Overfull \hbox (9.62216pt too wide) in paragraph at lines 12--14
\JY1/mc/m/n/10 え
 []


Overfull \hbox (9.62216pt too wide) in paragraph at lines 12--14
\JY1/mc/m/n/10 ら
 []


Overfull \hbox (9.62216pt too wide) in paragraph at lines 12--14
\JY1/mc/m/n/10 れ
 []


Overfull \hbox (12.39995pt too wide) in paragraph at lines 12--14
\JY1/mc/m/n/10 る\OT1/cmr/m/n/10 .
 []


Overfull \hbox (9.62216pt too wide) in paragraph at lines 12--14
\JY1/mc/m/n/10 人
 []


Overfull \hbox (9.62216pt too wide) in paragraph at lines 12--14
\JY1/mc/m/n/10 間
 []


Overfull \hbox (9.62216pt too wide) in paragraph at lines 12--14
\JY1/mc/m/n/10 を
 []


Overfull \hbox (9.62216pt too wide) in paragraph at lines 12--14
\JY1/mc/m/n/10 対
 []


Overfull \hbox (9.62216pt too wide) in paragraph at lines 12--14
\JY1/mc/m/n/10 象
 []


Overfull \hbox (9.62216pt too wide) in paragraph at lines 12--14
\JY1/mc/m/n/10 に
 []


Overfull \hbox (9.62216pt too wide) in paragraph at lines 12--14
\JY1/mc/m/n/10 し
 []


Overfull \hbox (9.62216pt too wide) in paragraph at lines 12--14
\JY1/mc/m/n/10 た
 []


Overfull \hbox (9.62216pt too wide) in paragraph at lines 12--14
\JY1/mc/m/n/10 過
 []


Overfull \hbox (9.62216pt too wide) in paragraph at lines 12--14
\JY1/mc/m/n/10 去
 []


Overfull \hbox (9.62216pt too wide) in paragraph at lines 12--14
\JY1/mc/m/n/10 の
 []


Overfull \hbox (9.62216pt too wide) in paragraph at lines 12--14
\JY1/mc/m/n/10 研
 []


Overfull \hbox (9.62216pt too wide) in paragraph at lines 12--14
\JY1/mc/m/n/10 究
 []


Overfull \hbox (9.62216pt too wide) in paragraph at lines 12--14
\JY1/mc/m/n/10 に
 []


Overfull \hbox (9.62216pt too wide) in paragraph at lines 12--14
\JY1/mc/m/n/10 お
 []


Overfull \hbox (9.62216pt too wide) in paragraph at lines 12--14
\JY1/mc/m/n/10 い
 []


Overfull \hbox (9.62216pt too wide) in paragraph at lines 12--14
\JY1/mc/m/n/10 て
 []


Overfull \hbox (12.39995pt too wide) in paragraph at lines 12--14
\JY1/mc/m/n/10 も\OT1/cmr/m/n/10 ,
 []


Overfull \hbox (9.62216pt too wide) in paragraph at lines 12--14
\JY1/mc/m/n/10 文
 []


Overfull \hbox (9.62216pt too wide) in paragraph at lines 12--14
\JY1/mc/m/n/10 同
 []


Overfull \hbox (9.62216pt too wide) in paragraph at lines 12--14
\JY1/mc/m/n/10 士
 []


Overfull \hbox (9.62216pt too wide) in paragraph at lines 12--14
\JY1/mc/m/n/10 の
 []


Overfull \hbox (9.62216pt too wide) in paragraph at lines 12--14
\JY1/mc/m/n/10 関
 []


Overfull \hbox (9.62216pt too wide) in paragraph at lines 12--14
\JY1/mc/m/n/10 係
 []


Overfull \hbox (9.62216pt too wide) in paragraph at lines 12--14
\JY1/mc/m/n/10 の
 []


Overfull \hbox (9.62216pt too wide) in paragraph at lines 12--14
\JY1/mc/m/n/10 理
 []


Overfull \hbox (9.62216pt too wide) in paragraph at lines 12--14
\JY1/mc/m/n/10 解
 []


Overfull \hbox (9.62216pt too wide) in paragraph at lines 12--14
\JY1/mc/m/n/10 に
 []


Overfull \hbox (9.62216pt too wide) in paragraph at lines 12--14
\JY1/mc/m/n/10 お
 []


Overfull \hbox (9.62216pt too wide) in paragraph at lines 12--14
\JY1/mc/m/n/10 い
 []


Overfull \hbox (9.62216pt too wide) in paragraph at lines 12--14
\JY1/mc/m/n/10 て
 []


Overfull \hbox (9.62216pt too wide) in paragraph at lines 12--14
\JY1/mc/m/n/10 接
 []


Overfull \hbox (9.62216pt too wide) in paragraph at lines 12--14
\JY1/mc/m/n/10 続
 []


Overfull \hbox (9.62216pt too wide) in paragraph at lines 12--14
\JY1/mc/m/n/10 詞
 []


Overfull \hbox (9.62216pt too wide) in paragraph at lines 12--14
\JY1/mc/m/n/10 の
 []


Overfull \hbox (9.62216pt too wide) in paragraph at lines 12--14
\JY1/mc/m/n/10 重
 []


Overfull \hbox (9.62216pt too wide) in paragraph at lines 12--14
\JY1/mc/m/n/10 要
 []


Overfull \hbox (9.62216pt too wide) in paragraph at lines 12--14
\JY1/mc/m/n/10 性
 []


Overfull \hbox (9.62216pt too wide) in paragraph at lines 12--14
\JY1/mc/m/n/10 は
 []


Overfull \hbox (9.62216pt too wide) in paragraph at lines 12--14
\JY1/mc/m/n/10 確
 []


Overfull \hbox (9.62216pt too wide) in paragraph at lines 12--14
\JY1/mc/m/n/10 認
 []


Overfull \hbox (9.62216pt too wide) in paragraph at lines 12--14
\JY1/mc/m/n/10 さ
 []


Overfull \hbox (9.62216pt too wide) in paragraph at lines 12--14
\JY1/mc/m/n/10 れ
 []


Overfull \hbox (9.62216pt too wide) in paragraph at lines 12--14
\JY1/mc/m/n/10 て
 []


Overfull \hbox (9.62216pt too wide) in paragraph at lines 12--14
\JY1/mc/m/n/10 い
 []


Overfull \hbox (9.62216pt too wide) in paragraph at lines 12--14
\JY1/mc/m/n/10 る
 []


Overfull \hbox (8.33336pt too wide) in paragraph at lines 12--14
\OT1/cmr/m/n/10 [].
 []


Overfull \hbox (9.62216pt too wide) in paragraph at lines 12--14
\JY1/mc/m/n/10 本
 []


Overfull \hbox (9.62216pt too wide) in paragraph at lines 12--14
\JY1/mc/m/n/10 稿
 []


Overfull \hbox (9.62216pt too wide) in paragraph at lines 12--14
\JY1/mc/m/n/10 で
 []


Overfull \hbox (12.39995pt too wide) in paragraph at lines 12--14
\JY1/mc/m/n/10 は\OT1/cmr/m/n/10 ,
 []


Overfull \hbox (9.62216pt too wide) in paragraph at lines 12--14
\JY1/mc/m/n/10 新
 []


Overfull \hbox (9.62216pt too wide) in paragraph at lines 12--14
\JY1/mc/m/n/10 し
 []


Overfull \hbox (9.62216pt too wide) in paragraph at lines 12--14
\JY1/mc/m/n/10 い
 []


Overfull \hbox (9.62216pt too wide) in paragraph at lines 12--14
\JY1/mc/m/n/10 モ
 []


Overfull \hbox (9.62216pt too wide) in paragraph at lines 12--14
\JY1/mc/m/n/10 デ
 []


Overfull \hbox (9.62216pt too wide) in paragraph at lines 12--14
\JY1/mc/m/n/10 ル
 []


Overfull \hbox (9.62216pt too wide) in paragraph at lines 12--14
\JY1/mc/m/n/10 を
 []


Overfull \hbox (9.62216pt too wide) in paragraph at lines 12--14
\JY1/mc/m/n/10 用
 []


Overfull \hbox (9.62216pt too wide) in paragraph at lines 12--14
\JY1/mc/m/n/10 い
 []


Overfull \hbox (12.39995pt too wide) in paragraph at lines 12--14
\JY1/mc/m/n/10 て\OT1/cmr/m/n/10 ,
 []


Overfull \hbox (9.62216pt too wide) in paragraph at lines 12--14
\JY1/mc/m/n/10 接
 []


Overfull \hbox (9.62216pt too wide) in paragraph at lines 12--14
\JY1/mc/m/n/10 続
 []


Overfull \hbox (9.62216pt too wide) in paragraph at lines 12--14
\JY1/mc/m/n/10 詞
 []


Overfull \hbox (9.62216pt too wide) in paragraph at lines 12--14
\JY1/mc/m/n/10 の
 []


Overfull \hbox (9.62216pt too wide) in paragraph at lines 12--14
\JY1/mc/m/n/10 推
 []


Overfull \hbox (9.62216pt too wide) in paragraph at lines 12--14
\JY1/mc/m/n/10 定
 []


Overfull \hbox (9.62216pt too wide) in paragraph at lines 12--14
\JY1/mc/m/n/10 の
 []


Overfull \hbox (9.62216pt too wide) in paragraph at lines 12--14
\JY1/mc/m/n/10 精
 []


Overfull \hbox (9.62216pt too wide) in paragraph at lines 12--14
\JY1/mc/m/n/10 度
 []


Overfull \hbox (9.62216pt too wide) in paragraph at lines 12--14
\JY1/mc/m/n/10 を
 []


Overfull \hbox (9.62216pt too wide) in paragraph at lines 12--14
\JY1/mc/m/n/10 確
 []


Overfull \hbox (9.62216pt too wide) in paragraph at lines 12--14
\JY1/mc/m/n/10 認
 []


Overfull \hbox (9.62216pt too wide) in paragraph at lines 12--14
\JY1/mc/m/n/10 す
 []


Overfull \hbox (9.62216pt too wide) in paragraph at lines 12--14
\JY1/mc/m/n/10 る
 []


Overfull \hbox (9.62216pt too wide) in paragraph at lines 12--14
\JY1/mc/m/n/10 実
 []


Overfull \hbox (9.62216pt too wide) in paragraph at lines 12--14
\JY1/mc/m/n/10 験
 []


Overfull \hbox (9.62216pt too wide) in paragraph at lines 12--14
\JY1/mc/m/n/10 を
 []


Overfull \hbox (9.62216pt too wide) in paragraph at lines 12--14
\JY1/mc/m/n/10 し
 []


Overfull \hbox (12.39995pt too wide) in paragraph at lines 12--14
\JY1/mc/m/n/10 た\OT1/cmr/m/n/10 . 
 []


./introduction.tex:15: LaTeX Error: Missing \begin{document}.

See the LaTeX manual or LaTeX Companion for explanation.
Type  H <return>  for immediate help.
 ...                                              
                                                  
l.15 本
       校においては, 第 2 章で本実験において関連する要素技術について述べて,
You're in trouble here.  Try typing  <return>  to proceed.
If that doesn't work, type  X <return>  to quit.

)
! Emergency stop.
<*> introduction.tex
                    
*** (job aborted, no legal \end found)

 
Here is how much of TeX's memory you used:
 22 strings out of 479853
 450 string characters out of 5881677
 282305 words of memory out of 5000000
 17440 multiletter control sequences out of 15000+600000
 407301 words of font info for 44 fonts, out of 8000000 for 9000
 929 hyphenation exceptions out of 8191
 26i,4n,27p,318b,138s stack positions out of 5000i,500n,10000p,200000b,80000s
Output written on ./build/introduction.dvi (1 page, 860 bytes).
