This is e-pTeX, Version 3.14159265-p3.8.3-191112-2.6 (utf8.euc) (TeX Live 2020) (preloaded format=platex 2020.12.19)  1 FEB 2021 19:17
entering extended mode
 restricted \write18 enabled.
 file:line:error style messages enabled.
 %&-line parsing enabled.
**relatedwork.tex
(./relatedwork.tex
pLaTeX2e <2020-10-01>+1 (based on LaTeX2e <2020-10-01> patch level 2)
L3 programming layer <2020-12-07> xparse <2020-03-03>
./relatedwork.tex:2: Undefined control sequence.
l.2 \changeindent
                 {0cm}
The control sequence at the end of the top line
of your error message was never \def'ed. If you have
misspelled it (e.g., `\hobx'), type `I' and the correct
spelling (e.g., `I\hbox'). Otherwise just continue,
and I'll forget about whatever was undefined.


./relatedwork.tex:2: LaTeX Error: Missing \begin{document}.

See the LaTeX manual or LaTeX Companion for explanation.
Type  H <return>  for immediate help.
 ...                                              
                                                  
l.2 \changeindent{0
                   cm}
You're in trouble here.  Try typing  <return>  to proceed.
If that doesn't work, type  X <return>  to quit.

./relatedwork.tex:3: Undefined control sequence.
l.3 \section
            {要素技術}
The control sequence at the end of the top line
of your error message was never \def'ed. If you have
misspelled it (e.g., `\hobx'), type `I' and the correct
spelling (e.g., `I\hbox'). Otherwise just continue,
and I'll forget about whatever was undefined.

./relatedwork.tex:4: Undefined control sequence.
l.4 \changeindent
                 {2cm}
The control sequence at the end of the top line
of your error message was never \def'ed. If you have
misspelled it (e.g., `\hobx'), type `I' and the correct
spelling (e.g., `I\hbox'). Otherwise just continue,
and I'll forget about whatever was undefined.


Overfull \hbox (37.77782pt too wide) in paragraph at lines 2--5
[]\OT1/cmr/m/n/10 0cm
 []


Overfull \hbox (9.62216pt too wide) in paragraph at lines 2--5
\JY1/mc/m/n/10 要
 []


Overfull \hbox (9.62216pt too wide) in paragraph at lines 2--5
\JY1/mc/m/n/10 素
 []


Overfull \hbox (9.62216pt too wide) in paragraph at lines 2--5
\JY1/mc/m/n/10 技
 []


Overfull \hbox (9.62216pt too wide) in paragraph at lines 2--5
\JY1/mc/m/n/10 術
 []


Overfull \hbox (17.77782pt too wide) in paragraph at lines 2--5
\OT1/cmr/m/n/10 2cm 
 []


./relatedwork.tex:6: LaTeX Error: Missing \begin{document}.

See the LaTeX manual or LaTeX Companion for explanation.
Type  H <return>  for immediate help.
 ...                                              
                                                  
l.6 本
      章では，実験に関連する要素技術について説明する．
You're in trouble here.  Try typing  <return>  to proceed.
If that doesn't work, type  X <return>  to quit.


Overfull \hbox (29.62216pt too wide) in paragraph at lines 6--7
[]\JY1/mc/m/n/10 本
 []


Overfull \hbox (9.62216pt too wide) in paragraph at lines 6--7
\JY1/mc/m/n/10 章
 []


Overfull \hbox (9.62216pt too wide) in paragraph at lines 6--7
\JY1/mc/m/n/10 で
 []


Overfull \hbox (12.65881pt too wide) in paragraph at lines 6--7
\JY1/mc/m/n/10 は ，
 []


Overfull \hbox (9.62216pt too wide) in paragraph at lines 6--7
\JY1/mc/m/n/10 実
 []


Overfull \hbox (9.62216pt too wide) in paragraph at lines 6--7
\JY1/mc/m/n/10 験
 []


Overfull \hbox (9.62216pt too wide) in paragraph at lines 6--7
\JY1/mc/m/n/10 に
 []


Overfull \hbox (9.62216pt too wide) in paragraph at lines 6--7
\JY1/mc/m/n/10 関
 []


Overfull \hbox (9.62216pt too wide) in paragraph at lines 6--7
\JY1/mc/m/n/10 連
 []


Overfull \hbox (9.62216pt too wide) in paragraph at lines 6--7
\JY1/mc/m/n/10 す
 []


Overfull \hbox (9.62216pt too wide) in paragraph at lines 6--7
\JY1/mc/m/n/10 る
 []


Overfull \hbox (9.62216pt too wide) in paragraph at lines 6--7
\JY1/mc/m/n/10 要
 []


Overfull \hbox (9.62216pt too wide) in paragraph at lines 6--7
\JY1/mc/m/n/10 素
 []


Overfull \hbox (9.62216pt too wide) in paragraph at lines 6--7
\JY1/mc/m/n/10 技
 []


Overfull \hbox (9.62216pt too wide) in paragraph at lines 6--7
\JY1/mc/m/n/10 術
 []


Overfull \hbox (9.62216pt too wide) in paragraph at lines 6--7
\JY1/mc/m/n/10 に
 []


Overfull \hbox (9.62216pt too wide) in paragraph at lines 6--7
\JY1/mc/m/n/10 つ
 []


Overfull \hbox (9.62216pt too wide) in paragraph at lines 6--7
\JY1/mc/m/n/10 い
 []


Overfull \hbox (9.62216pt too wide) in paragraph at lines 6--7
\JY1/mc/m/n/10 て
 []


Overfull \hbox (9.62216pt too wide) in paragraph at lines 6--7
\JY1/mc/m/n/10 説
 []


Overfull \hbox (9.62216pt too wide) in paragraph at lines 6--7
\JY1/mc/m/n/10 明
 []


Overfull \hbox (9.62216pt too wide) in paragraph at lines 6--7
\JY1/mc/m/n/10 す
 []


Overfull \hbox (12.65881pt too wide) in paragraph at lines 6--7
\JY1/mc/m/n/10 る ． 
 []

./relatedwork.tex:8: Undefined control sequence.
l.8 \changeindent
                 {0cm}
The control sequence at the end of the top line
of your error message was never \def'ed. If you have
misspelled it (e.g., `\hobx'), type `I' and the correct
spelling (e.g., `I\hbox'). Otherwise just continue,
and I'll forget about whatever was undefined.


./relatedwork.tex:8: LaTeX Error: Missing \begin{document}.

See the LaTeX manual or LaTeX Companion for explanation.
Type  H <return>  for immediate help.
 ...                                              
                                                  
l.8 \changeindent{0
                   cm}
You're in trouble here.  Try typing  <return>  to proceed.
If that doesn't work, type  X <return>  to quit.

./relatedwork.tex:9: Undefined control sequence.
l.9 \subsection
               {形態素解析}
The control sequence at the end of the top line
of your error message was never \def'ed. If you have
misspelled it (e.g., `\hobx'), type `I' and the correct
spelling (e.g., `I\hbox'). Otherwise just continue,
and I'll forget about whatever was undefined.

./relatedwork.tex:10: Undefined control sequence.
l.10 \changeindent
                  {2cm}
The control sequence at the end of the top line
of your error message was never \def'ed. If you have
misspelled it (e.g., `\hobx'), type `I' and the correct
spelling (e.g., `I\hbox'). Otherwise just continue,
and I'll forget about whatever was undefined.


Overfull \hbox (37.77782pt too wide) in paragraph at lines 8--11
[]\OT1/cmr/m/n/10 0cm
 []


Overfull \hbox (9.62216pt too wide) in paragraph at lines 8--11
\JY1/mc/m/n/10 形
 []


Overfull \hbox (9.62216pt too wide) in paragraph at lines 8--11
\JY1/mc/m/n/10 態
 []


Overfull \hbox (9.62216pt too wide) in paragraph at lines 8--11
\JY1/mc/m/n/10 素
 []


Overfull \hbox (9.62216pt too wide) in paragraph at lines 8--11
\JY1/mc/m/n/10 解
 []


Overfull \hbox (9.62216pt too wide) in paragraph at lines 8--11
\JY1/mc/m/n/10 析
 []


Overfull \hbox (17.77782pt too wide) in paragraph at lines 8--11
\OT1/cmr/m/n/10 2cm 
 []


./relatedwork.tex:12: LaTeX Error: Missing \begin{document}.

See the LaTeX manual or LaTeX Companion for explanation.
Type  H <return>  for immediate help.
 ...                                              
                                                  
l.12 形
       態素とは日本語などの自然言語において意味を持つ最小の単位のことであり,
You're in trouble here.  Try typing  <return>  to proceed.
If that doesn't work, type  X <return>  to quit.

\citation{jumanpp}
LaTeX Font Info:    Font shape `JT1/mc/bx/n' in size <10> not available
(Font)              Font shape `JT1/gt/m/n' tried instead on input line 18.
LaTeX Font Info:    Font shape `JY1/mc/bx/n' in size <10> not available
(Font)              Font shape `JY1/gt/m/n' tried instead on input line 18.
./relatedwork.tex:18: Undefined control sequence.
<write> ...: Citation `\@citeb ' on page \thepage 
                                                  \space undefined\on@line .^^J
l.18 ...，形態素解析器として Juman++\cite{jumanpp}
                                                   を用いた．
The control sequence at the end of the top line
of your error message was never \def'ed. If you have
misspelled it (e.g., `\hobx'), type `I' and the correct
spelling (e.g., `I\hbox'). Otherwise just continue,
and I'll forget about whatever was undefined.


LaTeX Warning: Citation `jumanpp' on page  undefined on input line 18.


Overfull \hbox (29.62216pt too wide) in paragraph at lines 12--19
[]\JY1/mc/m/n/10 形
 []


Overfull \hbox (9.62216pt too wide) in paragraph at lines 12--19
\JY1/mc/m/n/10 態
 []


Overfull \hbox (9.62216pt too wide) in paragraph at lines 12--19
\JY1/mc/m/n/10 素
 []


Overfull \hbox (9.62216pt too wide) in paragraph at lines 12--19
\JY1/mc/m/n/10 と
 []


Overfull \hbox (9.62216pt too wide) in paragraph at lines 12--19
\JY1/mc/m/n/10 は
 []


Overfull \hbox (9.62216pt too wide) in paragraph at lines 12--19
\JY1/mc/m/n/10 日
 []


Overfull \hbox (9.62216pt too wide) in paragraph at lines 12--19
\JY1/mc/m/n/10 本
 []


Overfull \hbox (9.62216pt too wide) in paragraph at lines 12--19
\JY1/mc/m/n/10 語
 []


Overfull \hbox (9.62216pt too wide) in paragraph at lines 12--19
\JY1/mc/m/n/10 な
 []


Overfull \hbox (9.62216pt too wide) in paragraph at lines 12--19
\JY1/mc/m/n/10 ど
 []


Overfull \hbox (9.62216pt too wide) in paragraph at lines 12--19
\JY1/mc/m/n/10 の
 []


Overfull \hbox (9.62216pt too wide) in paragraph at lines 12--19
\JY1/mc/m/n/10 自
 []


Overfull \hbox (9.62216pt too wide) in paragraph at lines 12--19
\JY1/mc/m/n/10 然
 []


Overfull \hbox (9.62216pt too wide) in paragraph at lines 12--19
\JY1/mc/m/n/10 言
 []


Overfull \hbox (9.62216pt too wide) in paragraph at lines 12--19
\JY1/mc/m/n/10 語
 []


Overfull \hbox (9.62216pt too wide) in paragraph at lines 12--19
\JY1/mc/m/n/10 に
 []


Overfull \hbox (9.62216pt too wide) in paragraph at lines 12--19
\JY1/mc/m/n/10 お
 []


Overfull \hbox (9.62216pt too wide) in paragraph at lines 12--19
\JY1/mc/m/n/10 い
 []


Overfull \hbox (9.62216pt too wide) in paragraph at lines 12--19
\JY1/mc/m/n/10 て
 []


Overfull \hbox (9.62216pt too wide) in paragraph at lines 12--19
\JY1/mc/m/n/10 意
 []


Overfull \hbox (9.62216pt too wide) in paragraph at lines 12--19
\JY1/mc/m/n/10 味
 []


Overfull \hbox (9.62216pt too wide) in paragraph at lines 12--19
\JY1/mc/m/n/10 を
 []


Overfull \hbox (9.62216pt too wide) in paragraph at lines 12--19
\JY1/mc/m/n/10 持
 []


Overfull \hbox (9.62216pt too wide) in paragraph at lines 12--19
\JY1/mc/m/n/10 つ
 []


Overfull \hbox (9.62216pt too wide) in paragraph at lines 12--19
\JY1/mc/m/n/10 最
 []


Overfull \hbox (9.62216pt too wide) in paragraph at lines 12--19
\JY1/mc/m/n/10 小
 []


Overfull \hbox (9.62216pt too wide) in paragraph at lines 12--19
\JY1/mc/m/n/10 の
 []


Overfull \hbox (9.62216pt too wide) in paragraph at lines 12--19
\JY1/mc/m/n/10 単
 []


Overfull \hbox (9.62216pt too wide) in paragraph at lines 12--19
\JY1/mc/m/n/10 位
 []


Overfull \hbox (9.62216pt too wide) in paragraph at lines 12--19
\JY1/mc/m/n/10 の
 []


Overfull \hbox (9.62216pt too wide) in paragraph at lines 12--19
\JY1/mc/m/n/10 こ
 []


Overfull \hbox (9.62216pt too wide) in paragraph at lines 12--19
\JY1/mc/m/n/10 と
 []


Overfull \hbox (9.62216pt too wide) in paragraph at lines 12--19
\JY1/mc/m/n/10 で
 []


Overfull \hbox (9.62216pt too wide) in paragraph at lines 12--19
\JY1/mc/m/n/10 あ
 []


Overfull \hbox (12.39995pt too wide) in paragraph at lines 12--19
\JY1/mc/m/n/10 り\OT1/cmr/m/n/10 ,
 []


Overfull \hbox (9.62216pt too wide) in paragraph at lines 12--19
\JY1/mc/m/n/10 文
 []


Overfull \hbox (9.62216pt too wide) in paragraph at lines 12--19
\JY1/mc/m/n/10 を
 []


Overfull \hbox (9.62216pt too wide) in paragraph at lines 12--19
\JY1/mc/m/n/10 形
 []


Overfull \hbox (9.62216pt too wide) in paragraph at lines 12--19
\JY1/mc/m/n/10 態
 []


Overfull \hbox (9.62216pt too wide) in paragraph at lines 12--19
\JY1/mc/m/n/10 素
 []


Overfull \hbox (9.62216pt too wide) in paragraph at lines 12--19
\JY1/mc/m/n/10 に
 []


Overfull \hbox (9.62216pt too wide) in paragraph at lines 12--19
\JY1/mc/m/n/10 分
 []


Overfull \hbox (9.62216pt too wide) in paragraph at lines 12--19
\JY1/mc/m/n/10 割
 []


Overfull \hbox (12.39995pt too wide) in paragraph at lines 12--19
\JY1/mc/m/n/10 し\OT1/cmr/m/n/10 ,
 []


Overfull \hbox (9.62216pt too wide) in paragraph at lines 12--19
\JY1/mc/m/n/10 各
 []


Overfull \hbox (9.62216pt too wide) in paragraph at lines 12--19
\JY1/mc/m/n/10 形
 []


Overfull \hbox (9.62216pt too wide) in paragraph at lines 12--19
\JY1/mc/m/n/10 態
 []


Overfull \hbox (9.62216pt too wide) in paragraph at lines 12--19
\JY1/mc/m/n/10 素
 []


Overfull \hbox (9.62216pt too wide) in paragraph at lines 12--19
\JY1/mc/m/n/10 の
 []


Overfull \hbox (9.62216pt too wide) in paragraph at lines 12--19
\JY1/mc/m/n/10 品
 []


Overfull \hbox (9.62216pt too wide) in paragraph at lines 12--19
\JY1/mc/m/n/10 詞
 []


Overfull \hbox (9.62216pt too wide) in paragraph at lines 12--19
\JY1/mc/m/n/10 な
 []


Overfull \hbox (9.62216pt too wide) in paragraph at lines 12--19
\JY1/mc/m/n/10 ど
 []


Overfull \hbox (9.62216pt too wide) in paragraph at lines 12--19
\JY1/mc/m/n/10 を
 []


Overfull \hbox (9.62216pt too wide) in paragraph at lines 12--19
\JY1/mc/m/n/10 判
 []


Overfull \hbox (9.62216pt too wide) in paragraph at lines 12--19
\JY1/mc/m/n/10 定
 []


Overfull \hbox (9.62216pt too wide) in paragraph at lines 12--19
\JY1/mc/m/n/10 す
 []


Overfull \hbox (9.62216pt too wide) in paragraph at lines 12--19
\JY1/mc/m/n/10 る
 []


Overfull \hbox (9.62216pt too wide) in paragraph at lines 12--19
\JY1/mc/m/n/10 技
 []


Overfull \hbox (9.62216pt too wide) in paragraph at lines 12--19
\JY1/mc/m/n/10 術
 []


Overfull \hbox (9.62216pt too wide) in paragraph at lines 12--19
\JY1/mc/m/n/10 を
 []


Overfull \hbox (9.62216pt too wide) in paragraph at lines 12--19
\JY1/mc/m/n/10 形
 []


Overfull \hbox (9.62216pt too wide) in paragraph at lines 12--19
\JY1/mc/m/n/10 態
 []


Overfull \hbox (9.62216pt too wide) in paragraph at lines 12--19
\JY1/mc/m/n/10 素
 []


Overfull \hbox (9.62216pt too wide) in paragraph at lines 12--19
\JY1/mc/m/n/10 解
 []


Overfull \hbox (9.62216pt too wide) in paragraph at lines 12--19
\JY1/mc/m/n/10 析
 []


Overfull \hbox (9.62216pt too wide) in paragraph at lines 12--19
\JY1/mc/m/n/10 と
 []


Overfull \hbox (9.62216pt too wide) in paragraph at lines 12--19
\JY1/mc/m/n/10 い
 []


Overfull \hbox (12.39995pt too wide) in paragraph at lines 12--19
\JY1/mc/m/n/10 う\OT1/cmr/m/n/10 .
 []


Overfull \hbox (9.62216pt too wide) in paragraph at lines 12--19
\JY1/mc/m/n/10 英
 []


Overfull \hbox (9.62216pt too wide) in paragraph at lines 12--19
\JY1/mc/m/n/10 語
 []


Overfull \hbox (9.62216pt too wide) in paragraph at lines 12--19
\JY1/mc/m/n/10 の
 []


Overfull \hbox (9.62216pt too wide) in paragraph at lines 12--19
\JY1/mc/m/n/10 文
 []


Overfull \hbox (9.62216pt too wide) in paragraph at lines 12--19
\JY1/mc/m/n/10 で
 []


Overfull \hbox (12.39995pt too wide) in paragraph at lines 12--19
\JY1/mc/m/n/10 は\OT1/cmr/m/n/10 ,
 []


Overfull \hbox (9.62216pt too wide) in paragraph at lines 12--19
\JY1/mc/m/n/10 単
 []


Overfull \hbox (9.62216pt too wide) in paragraph at lines 12--19
\JY1/mc/m/n/10 語
 []


Overfull \hbox (9.62216pt too wide) in paragraph at lines 12--19
\JY1/mc/m/n/10 と
 []


Overfull \hbox (9.62216pt too wide) in paragraph at lines 12--19
\JY1/mc/m/n/10 単
 []


Overfull \hbox (9.62216pt too wide) in paragraph at lines 12--19
\JY1/mc/m/n/10 語
 []


Overfull \hbox (9.62216pt too wide) in paragraph at lines 12--19
\JY1/mc/m/n/10 の
 []


Overfull \hbox (9.62216pt too wide) in paragraph at lines 12--19
\JY1/mc/m/n/10 区
 []


Overfull \hbox (9.62216pt too wide) in paragraph at lines 12--19
\JY1/mc/m/n/10 切
 []


Overfull \hbox (9.62216pt too wide) in paragraph at lines 12--19
\JY1/mc/m/n/10 り
 []


Overfull \hbox (9.62216pt too wide) in paragraph at lines 12--19
\JY1/mc/m/n/10 が
 []


Overfull \hbox (9.62216pt too wide) in paragraph at lines 12--19
\JY1/mc/m/n/10 ほ
 []


Overfull \hbox (9.62216pt too wide) in paragraph at lines 12--19
\JY1/mc/m/n/10 と
 []


Overfull \hbox (9.62216pt too wide) in paragraph at lines 12--19
\JY1/mc/m/n/10 ん
 []


Overfull \hbox (9.62216pt too wide) in paragraph at lines 12--19
\JY1/mc/m/n/10 ど
 []


Overfull \hbox (9.62216pt too wide) in paragraph at lines 12--19
\JY1/mc/m/n/10 の
 []


Overfull \hbox (9.62216pt too wide) in paragraph at lines 12--19
\JY1/mc/m/n/10 箇
 []


Overfull \hbox (9.62216pt too wide) in paragraph at lines 12--19
\JY1/mc/m/n/10 所
 []


Overfull \hbox (9.62216pt too wide) in paragraph at lines 12--19
\JY1/mc/m/n/10 で
 []


Overfull \hbox (9.62216pt too wide) in paragraph at lines 12--19
\JY1/mc/m/n/10 明
 []


Overfull \hbox (9.62216pt too wide) in paragraph at lines 12--19
\JY1/mc/m/n/10 示
 []


Overfull \hbox (9.62216pt too wide) in paragraph at lines 12--19
\JY1/mc/m/n/10 的
 []


Overfull \hbox (9.62216pt too wide) in paragraph at lines 12--19
\JY1/mc/m/n/10 に
 []


Overfull \hbox (9.62216pt too wide) in paragraph at lines 12--19
\JY1/mc/m/n/10 示
 []


Overfull \hbox (9.62216pt too wide) in paragraph at lines 12--19
\JY1/mc/m/n/10 さ
 []


Overfull \hbox (9.62216pt too wide) in paragraph at lines 12--19
\JY1/mc/m/n/10 れ
 []


Overfull \hbox (12.39995pt too wide) in paragraph at lines 12--19
\JY1/mc/m/n/10 る\OT1/cmr/m/n/10 .
 []


Overfull \hbox (9.62216pt too wide) in paragraph at lines 12--19
\JY1/mc/m/n/10 こ
 []


Overfull \hbox (9.62216pt too wide) in paragraph at lines 12--19
\JY1/mc/m/n/10 の
 []


Overfull \hbox (9.62216pt too wide) in paragraph at lines 12--19
\JY1/mc/m/n/10 た
 []


Overfull \hbox (14.1623pt too wide) in paragraph at lines 12--19
\JY1/mc/m/n/10 め 、
 []


Overfull \hbox (9.62216pt too wide) in paragraph at lines 12--19
\JY1/mc/m/n/10 形
 []


Overfull \hbox (9.62216pt too wide) in paragraph at lines 12--19
\JY1/mc/m/n/10 態
 []


Overfull \hbox (9.62216pt too wide) in paragraph at lines 12--19
\JY1/mc/m/n/10 素
 []


Overfull \hbox (9.62216pt too wide) in paragraph at lines 12--19
\JY1/mc/m/n/10 へ
 []


Overfull \hbox (9.62216pt too wide) in paragraph at lines 12--19
\JY1/mc/m/n/10 の
 []


Overfull \hbox (9.62216pt too wide) in paragraph at lines 12--19
\JY1/mc/m/n/10 分
 []


Overfull \hbox (9.62216pt too wide) in paragraph at lines 12--19
\JY1/mc/m/n/10 割
 []


Overfull \hbox (9.62216pt too wide) in paragraph at lines 12--19
\JY1/mc/m/n/10 処
 []


Overfull \hbox (9.62216pt too wide) in paragraph at lines 12--19
\JY1/mc/m/n/10 理
 []


Overfull \hbox (9.62216pt too wide) in paragraph at lines 12--19
\JY1/mc/m/n/10 は
 []


Overfull \hbox (9.62216pt too wide) in paragraph at lines 12--19
\JY1/mc/m/n/10 簡
 []


Overfull \hbox (9.62216pt too wide) in paragraph at lines 12--19
\JY1/mc/m/n/10 単
 []


Overfull \hbox (9.62216pt too wide) in paragraph at lines 12--19
\JY1/mc/m/n/10 な
 []


Overfull \hbox (18.74432pt too wide) in paragraph at lines 12--19
\JY1/mc/m/n/10 ル ー
 []


Overfull \hbox (9.62216pt too wide) in paragraph at lines 12--19
\JY1/mc/m/n/10 ル
 []


Overfull \hbox (9.62216pt too wide) in paragraph at lines 12--19
\JY1/mc/m/n/10 に
 []


Overfull \hbox (9.62216pt too wide) in paragraph at lines 12--19
\JY1/mc/m/n/10 基
 []


Overfull \hbox (9.62216pt too wide) in paragraph at lines 12--19
\JY1/mc/m/n/10 づ
 []


Overfull \hbox (9.62216pt too wide) in paragraph at lines 12--19
\JY1/mc/m/n/10 い
 []


Overfull \hbox (9.62216pt too wide) in paragraph at lines 12--19
\JY1/mc/m/n/10 て
 []


Overfull \hbox (9.62216pt too wide) in paragraph at lines 12--19
\JY1/mc/m/n/10 行
 []


Overfull \hbox (9.62216pt too wide) in paragraph at lines 12--19
\JY1/mc/m/n/10 わ
 []


Overfull \hbox (9.62216pt too wide) in paragraph at lines 12--19
\JY1/mc/m/n/10 れ
 []


Overfull \hbox (9.62216pt too wide) in paragraph at lines 12--19
\JY1/mc/m/n/10 る
 []


Overfull \hbox (9.62216pt too wide) in paragraph at lines 12--19
\JY1/mc/m/n/10 場
 []


Overfull \hbox (9.62216pt too wide) in paragraph at lines 12--19
\JY1/mc/m/n/10 合
 []


Overfull \hbox (9.62216pt too wide) in paragraph at lines 12--19
\JY1/mc/m/n/10 が
 []


Overfull \hbox (9.62216pt too wide) in paragraph at lines 12--19
\JY1/mc/m/n/10 多
 []


Overfull \hbox (12.39995pt too wide) in paragraph at lines 12--19
\JY1/mc/m/n/10 い\OT1/cmr/m/n/10 .
 []


Overfull \hbox (9.62216pt too wide) in paragraph at lines 12--19
\JY1/mc/m/n/10 一
 []


Overfull \hbox (9.62216pt too wide) in paragraph at lines 12--19
\JY1/mc/m/n/10 方
 []


Overfull \hbox (12.39995pt too wide) in paragraph at lines 12--19
\JY1/mc/m/n/10 で\OT1/cmr/m/n/10 ,
 []


Overfull \hbox (9.62216pt too wide) in paragraph at lines 12--19
\JY1/mc/m/n/10 日
 []


Overfull \hbox (9.62216pt too wide) in paragraph at lines 12--19
\JY1/mc/m/n/10 本
 []


Overfull \hbox (9.62216pt too wide) in paragraph at lines 12--19
\JY1/mc/m/n/10 語
 []


Overfull \hbox (9.62216pt too wide) in paragraph at lines 12--19
\JY1/mc/m/n/10 の
 []


Overfull \hbox (9.62216pt too wide) in paragraph at lines 12--19
\JY1/mc/m/n/10 文
 []


Overfull \hbox (9.62216pt too wide) in paragraph at lines 12--19
\JY1/mc/m/n/10 は
 []


Overfull \hbox (9.62216pt too wide) in paragraph at lines 12--19
\JY1/mc/m/n/10 単
 []


Overfull \hbox (9.62216pt too wide) in paragraph at lines 12--19
\JY1/mc/m/n/10 語
 []


Overfull \hbox (9.62216pt too wide) in paragraph at lines 12--19
\JY1/mc/m/n/10 間
 []


Overfull \hbox (9.62216pt too wide) in paragraph at lines 12--19
\JY1/mc/m/n/10 の
 []


Overfull \hbox (9.62216pt too wide) in paragraph at lines 12--19
\JY1/mc/m/n/10 区
 []


Overfull \hbox (9.62216pt too wide) in paragraph at lines 12--19
\JY1/mc/m/n/10 切
 []


Overfull \hbox (9.62216pt too wide) in paragraph at lines 12--19
\JY1/mc/m/n/10 り
 []


Overfull \hbox (9.62216pt too wide) in paragraph at lines 12--19
\JY1/mc/m/n/10 が
 []


Overfull \hbox (9.62216pt too wide) in paragraph at lines 12--19
\JY1/mc/m/n/10 英
 []


Overfull \hbox (9.62216pt too wide) in paragraph at lines 12--19
\JY1/mc/m/n/10 語
 []


Overfull \hbox (9.62216pt too wide) in paragraph at lines 12--19
\JY1/mc/m/n/10 ほ
 []


Overfull \hbox (9.62216pt too wide) in paragraph at lines 12--19
\JY1/mc/m/n/10 ど
 []


Overfull \hbox (9.62216pt too wide) in paragraph at lines 12--19
\JY1/mc/m/n/10 明
 []


Overfull \hbox (9.62216pt too wide) in paragraph at lines 12--19
\JY1/mc/m/n/10 確
 []


Overfull \hbox (9.62216pt too wide) in paragraph at lines 12--19
\JY1/mc/m/n/10 で
 []


Overfull \hbox (9.62216pt too wide) in paragraph at lines 12--19
\JY1/mc/m/n/10 な
 []


Overfull \hbox (9.62216pt too wide) in paragraph at lines 12--19
\JY1/mc/m/n/10 い
 []


Overfull \hbox (9.62216pt too wide) in paragraph at lines 12--19
\JY1/mc/m/n/10 た
 []


Overfull \hbox (12.39995pt too wide) in paragraph at lines 12--19
\JY1/mc/m/n/10 め\OT1/cmr/m/n/10 ,
 []


Overfull \hbox (9.62216pt too wide) in paragraph at lines 12--19
\JY1/mc/m/n/10 形
 []


Overfull \hbox (9.62216pt too wide) in paragraph at lines 12--19
\JY1/mc/m/n/10 態
 []


Overfull \hbox (9.62216pt too wide) in paragraph at lines 12--19
\JY1/mc/m/n/10 素
 []


Overfull \hbox (9.62216pt too wide) in paragraph at lines 12--19
\JY1/mc/m/n/10 へ
 []


Overfull \hbox (9.62216pt too wide) in paragraph at lines 12--19
\JY1/mc/m/n/10 の
 []


Overfull \hbox (9.62216pt too wide) in paragraph at lines 12--19
\JY1/mc/m/n/10 分
 []


Overfull \hbox (9.62216pt too wide) in paragraph at lines 12--19
\JY1/mc/m/n/10 割
 []


Overfull \hbox (9.62216pt too wide) in paragraph at lines 12--19
\JY1/mc/m/n/10 は
 []


Overfull \hbox (9.62216pt too wide) in paragraph at lines 12--19
\JY1/mc/m/n/10 困
 []


Overfull \hbox (9.62216pt too wide) in paragraph at lines 12--19
\JY1/mc/m/n/10 難
 []


Overfull \hbox (9.62216pt too wide) in paragraph at lines 12--19
\JY1/mc/m/n/10 か
 []


Overfull \hbox (9.62216pt too wide) in paragraph at lines 12--19
\JY1/mc/m/n/10 つ
 []


Overfull \hbox (9.62216pt too wide) in paragraph at lines 12--19
\JY1/mc/m/n/10 重
 []


Overfull \hbox (9.62216pt too wide) in paragraph at lines 12--19
\JY1/mc/m/n/10 要
 []


Overfull \hbox (9.62216pt too wide) in paragraph at lines 12--19
\JY1/mc/m/n/10 で
 []


Overfull \hbox (9.62216pt too wide) in paragraph at lines 12--19
\JY1/mc/m/n/10 あ
 []


Overfull \hbox (12.39995pt too wide) in paragraph at lines 12--19
\JY1/mc/m/n/10 る\OT1/cmr/m/n/10 .
 []


Overfull \hbox (9.62216pt too wide) in paragraph at lines 12--19
\JY1/mc/m/n/10 本
 []


Overfull \hbox (9.62216pt too wide) in paragraph at lines 12--19
\JY1/mc/m/n/10 研
 []


Overfull \hbox (9.62216pt too wide) in paragraph at lines 12--19
\JY1/mc/m/n/10 究
 []


Overfull \hbox (9.62216pt too wide) in paragraph at lines 12--19
\JY1/mc/m/n/10 で
 []


Overfull \hbox (12.65881pt too wide) in paragraph at lines 12--19
\JY1/mc/m/n/10 は ，
 []


Overfull \hbox (9.62216pt too wide) in paragraph at lines 12--19
\JY1/mc/m/n/10 形
 []


Overfull \hbox (9.62216pt too wide) in paragraph at lines 12--19
\JY1/mc/m/n/10 態
 []


Overfull \hbox (9.62216pt too wide) in paragraph at lines 12--19
\JY1/mc/m/n/10 素
 []


Overfull \hbox (9.62216pt too wide) in paragraph at lines 12--19
\JY1/mc/m/n/10 解
 []


Overfull \hbox (9.62216pt too wide) in paragraph at lines 12--19
\JY1/mc/m/n/10 析
 []


Overfull \hbox (9.62216pt too wide) in paragraph at lines 12--19
\JY1/mc/m/n/10 器
 []


Overfull \hbox (9.62216pt too wide) in paragraph at lines 12--19
\JY1/mc/m/n/10 と
 []


Overfull \hbox (9.62216pt too wide) in paragraph at lines 12--19
\JY1/mc/m/n/10 し
 []


Overfull \hbox (9.62216pt too wide) in paragraph at lines 12--19
\JY1/mc/m/n/10 て
 []


Overfull \hbox (56.12512pt too wide) in paragraph at lines 12--19
\OT1/cmr/m/n/10 Juman++[[]]
 []


Overfull \hbox (9.62216pt too wide) in paragraph at lines 12--19
\JY1/mc/m/n/10 を
 []


Overfull \hbox (9.62216pt too wide) in paragraph at lines 12--19
\JY1/mc/m/n/10 用
 []


Overfull \hbox (9.62216pt too wide) in paragraph at lines 12--19
\JY1/mc/m/n/10 い
 []


Overfull \hbox (12.65881pt too wide) in paragraph at lines 12--19
\JY1/mc/m/n/10 た ． 
 []


./relatedwork.tex:19: LaTeX Error: The font size command \normalsize is not defined:
               there is probably something wrong with the class file.

See the LaTeX manual or LaTeX Companion for explanation.
Type  H <return>  for immediate help.
 ...                                              
                                                  
l.19 
     
Your command was ignored.
Type  I <command> <return>  to replace it with another command,
or  <return>  to continue without it.

[1]
./relatedwork.tex:20: Undefined control sequence.
l.20 \changeindent
                  {0cm}
The control sequence at the end of the top line
of your error message was never \def'ed. If you have
misspelled it (e.g., `\hobx'), type `I' and the correct
spelling (e.g., `I\hbox'). Otherwise just continue,
and I'll forget about whatever was undefined.


./relatedwork.tex:20: LaTeX Error: Missing \begin{document}.

See the LaTeX manual or LaTeX Companion for explanation.
Type  H <return>  for immediate help.
 ...                                              
                                                  
l.20 \changeindent{0
                    cm}
You're in trouble here.  Try typing  <return>  to proceed.
If that doesn't work, type  X <return>  to quit.

./relatedwork.tex:21: Undefined control sequence.
l.21 \subsection
                {分散表現獲得手法}
The control sequence at the end of the top line
of your error message was never \def'ed. If you have
misspelled it (e.g., `\hobx'), type `I' and the correct
spelling (e.g., `I\hbox'). Otherwise just continue,
and I'll forget about whatever was undefined.

./relatedwork.tex:22: Undefined control sequence.
l.22 \changeindent
                  {2cm}
The control sequence at the end of the top line
of your error message was never \def'ed. If you have
misspelled it (e.g., `\hobx'), type `I' and the correct
spelling (e.g., `I\hbox'). Otherwise just continue,
and I'll forget about whatever was undefined.


Overfull \hbox (37.77782pt too wide) in paragraph at lines 20--24
[]\OT1/cmr/m/n/10 0cm
 []


Overfull \hbox (9.62216pt too wide) in paragraph at lines 20--24
\JY1/mc/m/n/10 分
 []


Overfull \hbox (9.62216pt too wide) in paragraph at lines 20--24
\JY1/mc/m/n/10 散
 []


Overfull \hbox (9.62216pt too wide) in paragraph at lines 20--24
\JY1/mc/m/n/10 表
 []


Overfull \hbox (9.62216pt too wide) in paragraph at lines 20--24
\JY1/mc/m/n/10 現
 []


Overfull \hbox (9.62216pt too wide) in paragraph at lines 20--24
\JY1/mc/m/n/10 獲
 []


Overfull \hbox (9.62216pt too wide) in paragraph at lines 20--24
\JY1/mc/m/n/10 得
 []


Overfull \hbox (9.62216pt too wide) in paragraph at lines 20--24
\JY1/mc/m/n/10 手
 []


Overfull \hbox (9.62216pt too wide) in paragraph at lines 20--24
\JY1/mc/m/n/10 法
 []


Overfull \hbox (17.77782pt too wide) in paragraph at lines 20--24
\OT1/cmr/m/n/10 2cm
 []


Overfull \hbox (9.62216pt too wide) in paragraph at lines 20--24
\JY1/mc/m/n/10 自
 []


Overfull \hbox (9.62216pt too wide) in paragraph at lines 20--24
\JY1/mc/m/n/10 然
 []


Overfull \hbox (9.62216pt too wide) in paragraph at lines 20--24
\JY1/mc/m/n/10 言
 []


Overfull \hbox (9.62216pt too wide) in paragraph at lines 20--24
\JY1/mc/m/n/10 語
 []


Overfull \hbox (9.62216pt too wide) in paragraph at lines 20--24
\JY1/mc/m/n/10 の
 []


Overfull \hbox (9.62216pt too wide) in paragraph at lines 20--24
\JY1/mc/m/n/10 単
 []


Overfull \hbox (9.62216pt too wide) in paragraph at lines 20--24
\JY1/mc/m/n/10 語
 []


Overfull \hbox (9.62216pt too wide) in paragraph at lines 20--24
\JY1/mc/m/n/10 や
 []


Overfull \hbox (9.62216pt too wide) in paragraph at lines 20--24
\JY1/mc/m/n/10 文
 []


Overfull \hbox (9.62216pt too wide) in paragraph at lines 20--24
\JY1/mc/m/n/10 を
 []


Overfull \hbox (9.62216pt too wide) in paragraph at lines 20--24
\JY1/mc/m/n/10 計
 []


Overfull \hbox (9.62216pt too wide) in paragraph at lines 20--24
\JY1/mc/m/n/10 算
 []


Overfull \hbox (9.62216pt too wide) in paragraph at lines 20--24
\JY1/mc/m/n/10 機
 []


Overfull \hbox (9.62216pt too wide) in paragraph at lines 20--24
\JY1/mc/m/n/10 上
 []


Overfull \hbox (9.62216pt too wide) in paragraph at lines 20--24
\JY1/mc/m/n/10 で
 []


Overfull \hbox (9.62216pt too wide) in paragraph at lines 20--24
\JY1/mc/m/n/10 表
 []


Overfull \hbox (9.62216pt too wide) in paragraph at lines 20--24
\JY1/mc/m/n/10 現
 []


Overfull \hbox (9.62216pt too wide) in paragraph at lines 20--24
\JY1/mc/m/n/10 す
 []


Overfull \hbox (9.62216pt too wide) in paragraph at lines 20--24
\JY1/mc/m/n/10 る
 []


Overfull \hbox (9.62216pt too wide) in paragraph at lines 20--24
\JY1/mc/m/n/10 た
 []


Overfull \hbox (9.62216pt too wide) in paragraph at lines 20--24
\JY1/mc/m/n/10 め
 []


Overfull \hbox (9.62216pt too wide) in paragraph at lines 20--24
\JY1/mc/m/n/10 の
 []


Overfull \hbox (9.62216pt too wide) in paragraph at lines 20--24
\JY1/mc/m/n/10 分
 []


Overfull \hbox (9.62216pt too wide) in paragraph at lines 20--24
\JY1/mc/m/n/10 散
 []


Overfull \hbox (9.62216pt too wide) in paragraph at lines 20--24
\JY1/mc/m/n/10 表
 []


Overfull \hbox (9.62216pt too wide) in paragraph at lines 20--24
\JY1/mc/m/n/10 現
 []


Overfull \hbox (9.62216pt too wide) in paragraph at lines 20--24
\JY1/mc/m/n/10 獲
 []


Overfull \hbox (9.62216pt too wide) in paragraph at lines 20--24
\JY1/mc/m/n/10 得
 []


Overfull \hbox (9.62216pt too wide) in paragraph at lines 20--24
\JY1/mc/m/n/10 手
 []


Overfull \hbox (9.62216pt too wide) in paragraph at lines 20--24
\JY1/mc/m/n/10 法
 []


Overfull \hbox (9.62216pt too wide) in paragraph at lines 20--24
\JY1/mc/m/n/10 に
 []


Overfull \hbox (9.62216pt too wide) in paragraph at lines 20--24
\JY1/mc/m/n/10 つ
 []


Overfull \hbox (9.62216pt too wide) in paragraph at lines 20--24
\JY1/mc/m/n/10 い
 []


Overfull \hbox (9.62216pt too wide) in paragraph at lines 20--24
\JY1/mc/m/n/10 て
 []


Overfull \hbox (9.62216pt too wide) in paragraph at lines 20--24
\JY1/mc/m/n/10 説
 []


Overfull \hbox (9.62216pt too wide) in paragraph at lines 20--24
\JY1/mc/m/n/10 明
 []


Overfull \hbox (9.62216pt too wide) in paragraph at lines 20--24
\JY1/mc/m/n/10 す
 []


Overfull \hbox (12.39995pt too wide) in paragraph at lines 20--24
\JY1/mc/m/n/10 る\OT1/cmr/m/n/10 . 
 []

./relatedwork.tex:25: Undefined control sequence.
l.25 \changeindent
                  {0cm}
The control sequence at the end of the top line
of your error message was never \def'ed. If you have
misspelled it (e.g., `\hobx'), type `I' and the correct
spelling (e.g., `I\hbox'). Otherwise just continue,
and I'll forget about whatever was undefined.


./relatedwork.tex:25: LaTeX Error: Missing \begin{document}.

See the LaTeX manual or LaTeX Companion for explanation.
Type  H <return>  for immediate help.
 ...                                              
                                                  
l.25 \changeindent{0
                    cm}
You're in trouble here.  Try typing  <return>  to proceed.
If that doesn't work, type  X <return>  to quit.

./relatedwork.tex:26: Undefined control sequence.
l.26 \subsubsection
                   {局所表現}
The control sequence at the end of the top line
of your error message was never \def'ed. If you have
misspelled it (e.g., `\hobx'), type `I' and the correct
spelling (e.g., `I\hbox'). Otherwise just continue,
and I'll forget about whatever was undefined.

./relatedwork.tex:27: Undefined control sequence.
l.27 \changeindent
                  {2cm}
The control sequence at the end of the top line
of your error message was never \def'ed. If you have
misspelled it (e.g., `\hobx'), type `I' and the correct
spelling (e.g., `I\hbox'). Otherwise just continue,
and I'll forget about whatever was undefined.


Overfull \hbox (37.77782pt too wide) in paragraph at lines 25--36
[]\OT1/cmr/m/n/10 0cm
 []


Overfull \hbox (9.62216pt too wide) in paragraph at lines 25--36
\JY1/mc/m/n/10 局
 []


Overfull \hbox (9.62216pt too wide) in paragraph at lines 25--36
\JY1/mc/m/n/10 所
 []


Overfull \hbox (9.62216pt too wide) in paragraph at lines 25--36
\JY1/mc/m/n/10 表
 []


Overfull \hbox (9.62216pt too wide) in paragraph at lines 25--36
\JY1/mc/m/n/10 現
 []


Overfull \hbox (17.77782pt too wide) in paragraph at lines 25--36
\OT1/cmr/m/n/10 2cm
 []


Overfull \hbox (9.62216pt too wide) in paragraph at lines 25--36
\JY1/mc/m/n/10 自
 []


Overfull \hbox (9.62216pt too wide) in paragraph at lines 25--36
\JY1/mc/m/n/10 然
 []


Overfull \hbox (9.62216pt too wide) in paragraph at lines 25--36
\JY1/mc/m/n/10 言
 []


Overfull \hbox (9.62216pt too wide) in paragraph at lines 25--36
\JY1/mc/m/n/10 語
 []


Overfull \hbox (9.62216pt too wide) in paragraph at lines 25--36
\JY1/mc/m/n/10 の
 []


Overfull \hbox (9.62216pt too wide) in paragraph at lines 25--36
\JY1/mc/m/n/10 単
 []


Overfull \hbox (9.62216pt too wide) in paragraph at lines 25--36
\JY1/mc/m/n/10 語
 []


Overfull \hbox (9.62216pt too wide) in paragraph at lines 25--36
\JY1/mc/m/n/10 を
 []


Overfull \hbox (9.62216pt too wide) in paragraph at lines 25--36
\JY1/mc/m/n/10 計
 []


Overfull \hbox (9.62216pt too wide) in paragraph at lines 25--36
\JY1/mc/m/n/10 算
 []


Overfull \hbox (9.62216pt too wide) in paragraph at lines 25--36
\JY1/mc/m/n/10 機
 []


Overfull \hbox (9.62216pt too wide) in paragraph at lines 25--36
\JY1/mc/m/n/10 上
 []


Overfull \hbox (9.62216pt too wide) in paragraph at lines 25--36
\JY1/mc/m/n/10 で
 []


Overfull \hbox (9.62216pt too wide) in paragraph at lines 25--36
\JY1/mc/m/n/10 表
 []


Overfull \hbox (9.62216pt too wide) in paragraph at lines 25--36
\JY1/mc/m/n/10 現
 []


Overfull \hbox (9.62216pt too wide) in paragraph at lines 25--36
\JY1/mc/m/n/10 す
 []


Overfull \hbox (9.62216pt too wide) in paragraph at lines 25--36
\JY1/mc/m/n/10 る
 []


Overfull \hbox (9.62216pt too wide) in paragraph at lines 25--36
\JY1/mc/m/n/10 手
 []


Overfull \hbox (9.62216pt too wide) in paragraph at lines 25--36
\JY1/mc/m/n/10 法
 []


Overfull \hbox (9.62216pt too wide) in paragraph at lines 25--36
\JY1/mc/m/n/10 と
 []


Overfull \hbox (9.62216pt too wide) in paragraph at lines 25--36
\JY1/mc/m/n/10 し
 []


Overfull \hbox (12.39995pt too wide) in paragraph at lines 25--36
\JY1/mc/m/n/10 て\OT1/cmr/m/n/10 ,
 []


Overfull \hbox (9.62216pt too wide) in paragraph at lines 25--36
\JY1/mc/m/n/10 最
 []


Overfull \hbox (9.62216pt too wide) in paragraph at lines 25--36
\JY1/mc/m/n/10 も
 []


Overfull \hbox (9.62216pt too wide) in paragraph at lines 25--36
\JY1/mc/m/n/10 シ
 []


Overfull \hbox (9.62216pt too wide) in paragraph at lines 25--36
\JY1/mc/m/n/10 ン
 []


Overfull \hbox (9.62216pt too wide) in paragraph at lines 25--36
\JY1/mc/m/n/10 プ
 []


Overfull \hbox (9.62216pt too wide) in paragraph at lines 25--36
\JY1/mc/m/n/10 ル
 []


Overfull \hbox (9.62216pt too wide) in paragraph at lines 25--36
\JY1/mc/m/n/10 な
 []


Overfull \hbox (9.62216pt too wide) in paragraph at lines 25--36
\JY1/mc/m/n/10 も
 []


Overfull \hbox (9.62216pt too wide) in paragraph at lines 25--36
\JY1/mc/m/n/10 の
 []


Overfull \hbox (9.62216pt too wide) in paragraph at lines 25--36
\JY1/mc/m/n/10 が
 []


Overfull \hbox (9.62216pt too wide) in paragraph at lines 25--36
\JY1/mc/m/n/10 局
 []


Overfull \hbox (9.62216pt too wide) in paragraph at lines 25--36
\JY1/mc/m/n/10 所
 []


Overfull \hbox (9.62216pt too wide) in paragraph at lines 25--36
\JY1/mc/m/n/10 表
 []


Overfull \hbox (9.62216pt too wide) in paragraph at lines 25--36
\JY1/mc/m/n/10 現
 []


Overfull \hbox (9.62216pt too wide) in paragraph at lines 25--36
\JY1/mc/m/n/10 で
 []


Overfull \hbox (9.62216pt too wide) in paragraph at lines 25--36
\JY1/mc/m/n/10 あ
 []


Overfull \hbox (12.39995pt too wide) in paragraph at lines 25--36
\JY1/mc/m/n/10 る\OT1/cmr/m/n/10 .
 []


Overfull \hbox (9.62216pt too wide) in paragraph at lines 25--36
\JY1/mc/m/n/10 単
 []


Overfull \hbox (9.62216pt too wide) in paragraph at lines 25--36
\JY1/mc/m/n/10 語
 []


Overfull \hbox (9.62216pt too wide) in paragraph at lines 25--36
\JY1/mc/m/n/10 の
 []


Overfull \hbox (9.62216pt too wide) in paragraph at lines 25--36
\JY1/mc/m/n/10 代
 []


Overfull \hbox (9.62216pt too wide) in paragraph at lines 25--36
\JY1/mc/m/n/10 表
 []


Overfull \hbox (9.62216pt too wide) in paragraph at lines 25--36
\JY1/mc/m/n/10 的
 []


Overfull \hbox (9.62216pt too wide) in paragraph at lines 25--36
\JY1/mc/m/n/10 な
 []


Overfull \hbox (9.62216pt too wide) in paragraph at lines 25--36
\JY1/mc/m/n/10 局
 []


Overfull \hbox (9.62216pt too wide) in paragraph at lines 25--36
\JY1/mc/m/n/10 所
 []


Overfull \hbox (9.62216pt too wide) in paragraph at lines 25--36
\JY1/mc/m/n/10 表
 []


Overfull \hbox (9.62216pt too wide) in paragraph at lines 25--36
\JY1/mc/m/n/10 現
 []


Overfull \hbox (9.62216pt too wide) in paragraph at lines 25--36
\JY1/mc/m/n/10 の
 []


Overfull \hbox (5.00002pt too wide) in paragraph at lines 25--36
\OT1/cmr/m/n/10 1
 []


Overfull \hbox (9.62216pt too wide) in paragraph at lines 25--36
\JY1/mc/m/n/10 つ
 []


Overfull \hbox (9.62216pt too wide) in paragraph at lines 25--36
\JY1/mc/m/n/10 に
 []


Overfull \hbox (21.11115pt too wide) in paragraph at lines 25--36
\OT1/cmr/m/n/10 One-
 []


Overfull \hbox (14.44449pt too wide) in paragraph at lines 25--36
\OT1/cmr/m/n/10 hot
 []


Overfull \hbox (9.62216pt too wide) in paragraph at lines 25--36
\JY1/mc/m/n/10 表
 []


Overfull \hbox (9.62216pt too wide) in paragraph at lines 25--36
\JY1/mc/m/n/10 現
 []


Overfull \hbox (9.62216pt too wide) in paragraph at lines 25--36
\JY1/mc/m/n/10 が
 []


Overfull \hbox (9.62216pt too wide) in paragraph at lines 25--36
\JY1/mc/m/n/10 あ
 []


Overfull \hbox (12.39995pt too wide) in paragraph at lines 25--36
\JY1/mc/m/n/10 る\OT1/cmr/m/n/10 .
 []


Overfull \hbox (21.11115pt too wide) in paragraph at lines 25--36
\OT1/cmr/m/n/10 One-
 []


Overfull \hbox (14.44449pt too wide) in paragraph at lines 25--36
\OT1/cmr/m/n/10 hot
 []


Overfull \hbox (9.62216pt too wide) in paragraph at lines 25--36
\JY1/mc/m/n/10 表
 []


Overfull \hbox (9.62216pt too wide) in paragraph at lines 25--36
\JY1/mc/m/n/10 現
 []


Overfull \hbox (9.62216pt too wide) in paragraph at lines 25--36
\JY1/mc/m/n/10 は
 []


Overfull \hbox (9.62216pt too wide) in paragraph at lines 25--36
\JY1/mc/m/n/10 単
 []


Overfull \hbox (9.62216pt too wide) in paragraph at lines 25--36
\JY1/mc/m/n/10 語
 []


Overfull \hbox (9.62216pt too wide) in paragraph at lines 25--36
\JY1/mc/m/n/10 を
 []


Overfull \hbox (9.62216pt too wide) in paragraph at lines 25--36
\JY1/mc/m/n/10 ベ
 []


Overfull \hbox (9.62216pt too wide) in paragraph at lines 25--36
\JY1/mc/m/n/10 ク
 []


Overfull \hbox (9.62216pt too wide) in paragraph at lines 25--36
\JY1/mc/m/n/10 ト
 []


Overfull \hbox (9.62216pt too wide) in paragraph at lines 25--36
\JY1/mc/m/n/10 ル
 []


Overfull \hbox (9.62216pt too wide) in paragraph at lines 25--36
\JY1/mc/m/n/10 の
 []


Overfull \hbox (9.62216pt too wide) in paragraph at lines 25--36
\JY1/mc/m/n/10 各
 []


Overfull \hbox (9.62216pt too wide) in paragraph at lines 25--36
\JY1/mc/m/n/10 次
 []


Overfull \hbox (9.62216pt too wide) in paragraph at lines 25--36
\JY1/mc/m/n/10 元
 []


Overfull \hbox (9.62216pt too wide) in paragraph at lines 25--36
\JY1/mc/m/n/10 に
 []


Overfull \hbox (5.00002pt too wide) in paragraph at lines 25--36
\OT1/cmr/m/n/10 1
 []


Overfull \hbox (9.62216pt too wide) in paragraph at lines 25--36
\JY1/mc/m/n/10 対
 []


Overfull \hbox (5.00002pt too wide) in paragraph at lines 25--36
\OT1/cmr/m/n/10 1
 []


Overfull \hbox (9.62216pt too wide) in paragraph at lines 25--36
\JY1/mc/m/n/10 対
 []


Overfull \hbox (9.62216pt too wide) in paragraph at lines 25--36
\JY1/mc/m/n/10 応
 []


Overfull \hbox (9.62216pt too wide) in paragraph at lines 25--36
\JY1/mc/m/n/10 さ
 []


Overfull \hbox (9.62216pt too wide) in paragraph at lines 25--36
\JY1/mc/m/n/10 せ
 []


Overfull \hbox (9.62216pt too wide) in paragraph at lines 25--36
\JY1/mc/m/n/10 る
 []


Overfull \hbox (9.62216pt too wide) in paragraph at lines 25--36
\JY1/mc/m/n/10 表
 []


Overfull \hbox (9.62216pt too wide) in paragraph at lines 25--36
\JY1/mc/m/n/10 現
 []


Overfull \hbox (9.62216pt too wide) in paragraph at lines 25--36
\JY1/mc/m/n/10 方
 []


Overfull \hbox (9.62216pt too wide) in paragraph at lines 25--36
\JY1/mc/m/n/10 法
 []


Overfull \hbox (9.62216pt too wide) in paragraph at lines 25--36
\JY1/mc/m/n/10 で
 []


Overfull \hbox (9.62216pt too wide) in paragraph at lines 25--36
\JY1/mc/m/n/10 あ
 []


Overfull \hbox (12.39995pt too wide) in paragraph at lines 25--36
\JY1/mc/m/n/10 る\OT1/cmr/m/n/10 .
 []


Overfull \hbox (9.62216pt too wide) in paragraph at lines 25--36
\JY1/mc/m/n/10 非
 []


Overfull \hbox (9.62216pt too wide) in paragraph at lines 25--36
\JY1/mc/m/n/10 常
 []


Overfull \hbox (9.62216pt too wide) in paragraph at lines 25--36
\JY1/mc/m/n/10 に
 []


Overfull \hbox (9.62216pt too wide) in paragraph at lines 25--36
\JY1/mc/m/n/10 単
 []


Overfull \hbox (9.62216pt too wide) in paragraph at lines 25--36
\JY1/mc/m/n/10 純
 []


Overfull \hbox (9.62216pt too wide) in paragraph at lines 25--36
\JY1/mc/m/n/10 な
 []


Overfull \hbox (9.62216pt too wide) in paragraph at lines 25--36
\JY1/mc/m/n/10 手
 []


Overfull \hbox (9.62216pt too wide) in paragraph at lines 25--36
\JY1/mc/m/n/10 法
 []


Overfull \hbox (9.62216pt too wide) in paragraph at lines 25--36
\JY1/mc/m/n/10 で
 []


Overfull \hbox (9.62216pt too wide) in paragraph at lines 25--36
\JY1/mc/m/n/10 あ
 []


Overfull \hbox (12.39995pt too wide) in paragraph at lines 25--36
\JY1/mc/m/n/10 り\OT1/cmr/m/n/10 ,
 []


Overfull \hbox (9.62216pt too wide) in paragraph at lines 25--36
\JY1/mc/m/n/10 実
 []


Overfull \hbox (9.62216pt too wide) in paragraph at lines 25--36
\JY1/mc/m/n/10 装
 []


Overfull \hbox (9.62216pt too wide) in paragraph at lines 25--36
\JY1/mc/m/n/10 が
 []


Overfull \hbox (9.62216pt too wide) in paragraph at lines 25--36
\JY1/mc/m/n/10 容
 []


Overfull \hbox (9.62216pt too wide) in paragraph at lines 25--36
\JY1/mc/m/n/10 易
 []


Overfull \hbox (9.62216pt too wide) in paragraph at lines 25--36
\JY1/mc/m/n/10 で
 []


Overfull \hbox (9.62216pt too wide) in paragraph at lines 25--36
\JY1/mc/m/n/10 あ
 []


Overfull \hbox (9.62216pt too wide) in paragraph at lines 25--36
\JY1/mc/m/n/10 る
 []


Overfull \hbox (9.62216pt too wide) in paragraph at lines 25--36
\JY1/mc/m/n/10 と
 []


Overfull \hbox (9.62216pt too wide) in paragraph at lines 25--36
\JY1/mc/m/n/10 い
 []


Overfull \hbox (9.62216pt too wide) in paragraph at lines 25--36
\JY1/mc/m/n/10 う
 []


Overfull \hbox (9.62216pt too wide) in paragraph at lines 25--36
\JY1/mc/m/n/10 利
 []


Overfull \hbox (9.62216pt too wide) in paragraph at lines 25--36
\JY1/mc/m/n/10 点
 []


Overfull \hbox (9.62216pt too wide) in paragraph at lines 25--36
\JY1/mc/m/n/10 が
 []


Overfull \hbox (9.62216pt too wide) in paragraph at lines 25--36
\JY1/mc/m/n/10 あ
 []


Overfull \hbox (12.39995pt too wide) in paragraph at lines 25--36
\JY1/mc/m/n/10 る\OT1/cmr/m/n/10 .
 []


Overfull \hbox (9.62216pt too wide) in paragraph at lines 25--36
\JY1/mc/m/n/10 一
 []


Overfull \hbox (9.62216pt too wide) in paragraph at lines 25--36
\JY1/mc/m/n/10 方
 []


Overfull \hbox (12.39995pt too wide) in paragraph at lines 25--36
\JY1/mc/m/n/10 で\OT1/cmr/m/n/10 ,
 []


Overfull \hbox (21.11115pt too wide) in paragraph at lines 25--36
\OT1/cmr/m/n/10 One-
 []


Overfull \hbox (14.44449pt too wide) in paragraph at lines 25--36
\OT1/cmr/m/n/10 hot
 []


Overfull \hbox (9.62216pt too wide) in paragraph at lines 25--36
\JY1/mc/m/n/10 表
 []


Overfull \hbox (9.62216pt too wide) in paragraph at lines 25--36
\JY1/mc/m/n/10 現
 []


Overfull \hbox (9.62216pt too wide) in paragraph at lines 25--36
\JY1/mc/m/n/10 で
 []


Overfull \hbox (9.62216pt too wide) in paragraph at lines 25--36
\JY1/mc/m/n/10 は
 []


Overfull \hbox (9.62216pt too wide) in paragraph at lines 25--36
\JY1/mc/m/n/10 語
 []


Overfull \hbox (9.62216pt too wide) in paragraph at lines 25--36
\JY1/mc/m/n/10 彙
 []


Overfull \hbox (9.62216pt too wide) in paragraph at lines 25--36
\JY1/mc/m/n/10 数
 []


Overfull \hbox (9.62216pt too wide) in paragraph at lines 25--36
\JY1/mc/m/n/10 と
 []


Overfull \hbox (9.62216pt too wide) in paragraph at lines 25--36
\JY1/mc/m/n/10 ベ
 []


Overfull \hbox (9.62216pt too wide) in paragraph at lines 25--36
\JY1/mc/m/n/10 ク
 []


Overfull \hbox (9.62216pt too wide) in paragraph at lines 25--36
\JY1/mc/m/n/10 ト
 []


Overfull \hbox (9.62216pt too wide) in paragraph at lines 25--36
\JY1/mc/m/n/10 ル
 []


Overfull \hbox (9.62216pt too wide) in paragraph at lines 25--36
\JY1/mc/m/n/10 の
 []


Overfull \hbox (9.62216pt too wide) in paragraph at lines 25--36
\JY1/mc/m/n/10 次
 []


Overfull \hbox (9.62216pt too wide) in paragraph at lines 25--36
\JY1/mc/m/n/10 元
 []


Overfull \hbox (9.62216pt too wide) in paragraph at lines 25--36
\JY1/mc/m/n/10 数
 []


Overfull \hbox (9.62216pt too wide) in paragraph at lines 25--36
\JY1/mc/m/n/10 が
 []


Overfull \hbox (9.62216pt too wide) in paragraph at lines 25--36
\JY1/mc/m/n/10 等
 []


Overfull \hbox (9.62216pt too wide) in paragraph at lines 25--36
\JY1/mc/m/n/10 し
 []


Overfull \hbox (9.62216pt too wide) in paragraph at lines 25--36
\JY1/mc/m/n/10 く
 []


Overfull \hbox (9.62216pt too wide) in paragraph at lines 25--36
\JY1/mc/m/n/10 な
 []


Overfull \hbox (9.62216pt too wide) in paragraph at lines 25--36
\JY1/mc/m/n/10 る
 []


Overfull \hbox (9.62216pt too wide) in paragraph at lines 25--36
\JY1/mc/m/n/10 た
 []


Overfull \hbox (12.39995pt too wide) in paragraph at lines 25--36
\JY1/mc/m/n/10 め\OT1/cmr/m/n/10 ,
 []


Overfull \hbox (9.62216pt too wide) in paragraph at lines 25--36
\JY1/mc/m/n/10 語
 []


Overfull \hbox (9.62216pt too wide) in paragraph at lines 25--36
\JY1/mc/m/n/10 彙
 []


Overfull \hbox (9.62216pt too wide) in paragraph at lines 25--36
\JY1/mc/m/n/10 数
 []


Overfull \hbox (9.62216pt too wide) in paragraph at lines 25--36
\JY1/mc/m/n/10 の
 []


Overfull \hbox (9.62216pt too wide) in paragraph at lines 25--36
\JY1/mc/m/n/10 増
 []


Overfull \hbox (9.62216pt too wide) in paragraph at lines 25--36
\JY1/mc/m/n/10 大
 []


Overfull \hbox (9.62216pt too wide) in paragraph at lines 25--36
\JY1/mc/m/n/10 と
 []


Overfull \hbox (9.62216pt too wide) in paragraph at lines 25--36
\JY1/mc/m/n/10 と
 []


Overfull \hbox (9.62216pt too wide) in paragraph at lines 25--36
\JY1/mc/m/n/10 も
 []


Overfull \hbox (9.62216pt too wide) in paragraph at lines 25--36
\JY1/mc/m/n/10 に
 []


Overfull \hbox (9.62216pt too wide) in paragraph at lines 25--36
\JY1/mc/m/n/10 ベ
 []


Overfull \hbox (9.62216pt too wide) in paragraph at lines 25--36
\JY1/mc/m/n/10 ク
 []


Overfull \hbox (9.62216pt too wide) in paragraph at lines 25--36
\JY1/mc/m/n/10 ト
 []


Overfull \hbox (9.62216pt too wide) in paragraph at lines 25--36
\JY1/mc/m/n/10 ル
 []


Overfull \hbox (9.62216pt too wide) in paragraph at lines 25--36
\JY1/mc/m/n/10 の
 []


Overfull \hbox (9.62216pt too wide) in paragraph at lines 25--36
\JY1/mc/m/n/10 次
 []


Overfull \hbox (9.62216pt too wide) in paragraph at lines 25--36
\JY1/mc/m/n/10 元
 []


Overfull \hbox (9.62216pt too wide) in paragraph at lines 25--36
\JY1/mc/m/n/10 数
 []


Overfull \hbox (9.62216pt too wide) in paragraph at lines 25--36
\JY1/mc/m/n/10 も
 []


Overfull \hbox (9.62216pt too wide) in paragraph at lines 25--36
\JY1/mc/m/n/10 増
 []


Overfull \hbox (9.62216pt too wide) in paragraph at lines 25--36
\JY1/mc/m/n/10 大
 []


Overfull \hbox (12.39995pt too wide) in paragraph at lines 25--36
\JY1/mc/m/n/10 し\OT1/cmr/m/n/10 ,
 []


Overfull \hbox (9.62216pt too wide) in paragraph at lines 25--36
\JY1/mc/m/n/10 ベ
 []


Overfull \hbox (9.62216pt too wide) in paragraph at lines 25--36
\JY1/mc/m/n/10 ク
 []


Overfull \hbox (9.62216pt too wide) in paragraph at lines 25--36
\JY1/mc/m/n/10 ト
 []


Overfull \hbox (9.62216pt too wide) in paragraph at lines 25--36
\JY1/mc/m/n/10 ル
 []


Overfull \hbox (9.62216pt too wide) in paragraph at lines 25--36
\JY1/mc/m/n/10 空
 []


Overfull \hbox (9.62216pt too wide) in paragraph at lines 25--36
\JY1/mc/m/n/10 間
 []


Overfull \hbox (9.62216pt too wide) in paragraph at lines 25--36
\JY1/mc/m/n/10 が
 []


Overfull \hbox (9.62216pt too wide) in paragraph at lines 25--36
\JY1/mc/m/n/10 ス
 []


Overfull \hbox (18.74432pt too wide) in paragraph at lines 25--36
\JY1/mc/m/n/10 パ ー
 []


Overfull \hbox (9.62216pt too wide) in paragraph at lines 25--36
\JY1/mc/m/n/10 ス
 []


Overfull \hbox (9.62216pt too wide) in paragraph at lines 25--36
\JY1/mc/m/n/10 に
 []


Overfull \hbox (9.62216pt too wide) in paragraph at lines 25--36
\JY1/mc/m/n/10 な
 []


Overfull \hbox (7.47433pt too wide) in paragraph at lines 25--36
\JY1/mc/m/n/10 っ
 []


Overfull \hbox (9.62216pt too wide) in paragraph at lines 25--36
\JY1/mc/m/n/10 て
 []


Overfull \hbox (9.62216pt too wide) in paragraph at lines 25--36
\JY1/mc/m/n/10 し
 []


Overfull \hbox (9.62216pt too wide) in paragraph at lines 25--36
\JY1/mc/m/n/10 ま
 []


Overfull \hbox (9.62216pt too wide) in paragraph at lines 25--36
\JY1/mc/m/n/10 う
 []


Overfull \hbox (9.62216pt too wide) in paragraph at lines 25--36
\JY1/mc/m/n/10 問
 []


Overfull \hbox (9.62216pt too wide) in paragraph at lines 25--36
\JY1/mc/m/n/10 題
 []


Overfull \hbox (9.62216pt too wide) in paragraph at lines 25--36
\JY1/mc/m/n/10 が
 []


Overfull \hbox (9.62216pt too wide) in paragraph at lines 25--36
\JY1/mc/m/n/10 あ
 []


Overfull \hbox (12.39995pt too wide) in paragraph at lines 25--36
\JY1/mc/m/n/10 る\OT1/cmr/m/n/10 .
 []


Overfull \hbox (9.62216pt too wide) in paragraph at lines 25--36
\JY1/mc/m/n/10 ま
 []


Overfull \hbox (12.39995pt too wide) in paragraph at lines 25--36
\JY1/mc/m/n/10 た\OT1/cmr/m/n/10 ,
 []


Overfull \hbox (9.62216pt too wide) in paragraph at lines 25--36
\JY1/mc/m/n/10 各
 []


Overfull \hbox (9.62216pt too wide) in paragraph at lines 25--36
\JY1/mc/m/n/10 単
 []


Overfull \hbox (9.62216pt too wide) in paragraph at lines 25--36
\JY1/mc/m/n/10 語
 []


Overfull \hbox (9.62216pt too wide) in paragraph at lines 25--36
\JY1/mc/m/n/10 が
 []


Overfull \hbox (9.62216pt too wide) in paragraph at lines 25--36
\JY1/mc/m/n/10 ベ
 []


Overfull \hbox (9.62216pt too wide) in paragraph at lines 25--36
\JY1/mc/m/n/10 ク
 []


Overfull \hbox (9.62216pt too wide) in paragraph at lines 25--36
\JY1/mc/m/n/10 ト
 []


Overfull \hbox (9.62216pt too wide) in paragraph at lines 25--36
\JY1/mc/m/n/10 ル
 []


Overfull \hbox (9.62216pt too wide) in paragraph at lines 25--36
\JY1/mc/m/n/10 空
 []


Overfull \hbox (9.62216pt too wide) in paragraph at lines 25--36
\JY1/mc/m/n/10 間
 []


Overfull \hbox (9.62216pt too wide) in paragraph at lines 25--36
\JY1/mc/m/n/10 上
 []


Overfull \hbox (9.62216pt too wide) in paragraph at lines 25--36
\JY1/mc/m/n/10 で
 []


Overfull \hbox (9.62216pt too wide) in paragraph at lines 25--36
\JY1/mc/m/n/10 等
 []


Overfull \hbox (9.62216pt too wide) in paragraph at lines 25--36
\JY1/mc/m/n/10 距
 []


Overfull \hbox (9.62216pt too wide) in paragraph at lines 25--36
\JY1/mc/m/n/10 離
 []


Overfull \hbox (9.62216pt too wide) in paragraph at lines 25--36
\JY1/mc/m/n/10 に
 []


Overfull \hbox (9.62216pt too wide) in paragraph at lines 25--36
\JY1/mc/m/n/10 配
 []


Overfull \hbox (9.62216pt too wide) in paragraph at lines 25--36
\JY1/mc/m/n/10 置
 []


Overfull \hbox (9.62216pt too wide) in paragraph at lines 25--36
\JY1/mc/m/n/10 さ
 []


Overfull \hbox (9.62216pt too wide) in paragraph at lines 25--36
\JY1/mc/m/n/10 れ
 []


Overfull \hbox (9.62216pt too wide) in paragraph at lines 25--36
\JY1/mc/m/n/10 て
 []


Overfull \hbox (9.62216pt too wide) in paragraph at lines 25--36
\JY1/mc/m/n/10 し
 []


Overfull \hbox (9.62216pt too wide) in paragraph at lines 25--36
\JY1/mc/m/n/10 ま
 []


Overfull \hbox (9.62216pt too wide) in paragraph at lines 25--36
\JY1/mc/m/n/10 う
 []


Overfull \hbox (9.62216pt too wide) in paragraph at lines 25--36
\JY1/mc/m/n/10 た
 []


Overfull \hbox (12.39995pt too wide) in paragraph at lines 25--36
\JY1/mc/m/n/10 め\OT1/cmr/m/n/10 ,
 []


Overfull \hbox (9.62216pt too wide) in paragraph at lines 25--36
\JY1/mc/m/n/10 単
 []


Overfull \hbox (9.62216pt too wide) in paragraph at lines 25--36
\JY1/mc/m/n/10 語
 []


Overfull \hbox (9.62216pt too wide) in paragraph at lines 25--36
\JY1/mc/m/n/10 間
 []


Overfull \hbox (9.62216pt too wide) in paragraph at lines 25--36
\JY1/mc/m/n/10 の
 []


Overfull \hbox (9.62216pt too wide) in paragraph at lines 25--36
\JY1/mc/m/n/10 意
 []


Overfull \hbox (9.62216pt too wide) in paragraph at lines 25--36
\JY1/mc/m/n/10 味
 []


Overfull \hbox (9.62216pt too wide) in paragraph at lines 25--36
\JY1/mc/m/n/10 的
 []


Overfull \hbox (9.62216pt too wide) in paragraph at lines 25--36
\JY1/mc/m/n/10 な
 []


Overfull \hbox (9.62216pt too wide) in paragraph at lines 25--36
\JY1/mc/m/n/10 関
 []


Overfull \hbox (9.62216pt too wide) in paragraph at lines 25--36
\JY1/mc/m/n/10 係
 []


Overfull \hbox (9.62216pt too wide) in paragraph at lines 25--36
\JY1/mc/m/n/10 性
 []


Overfull \hbox (9.62216pt too wide) in paragraph at lines 25--36
\JY1/mc/m/n/10 に
 []


Overfull \hbox (9.62216pt too wide) in paragraph at lines 25--36
\JY1/mc/m/n/10 つ
 []


Overfull \hbox (9.62216pt too wide) in paragraph at lines 25--36
\JY1/mc/m/n/10 い
 []


Overfull \hbox (9.62216pt too wide) in paragraph at lines 25--36
\JY1/mc/m/n/10 て
 []


Overfull \hbox (9.62216pt too wide) in paragraph at lines 25--36
\JY1/mc/m/n/10 は
 []


Overfull \hbox (9.62216pt too wide) in paragraph at lines 25--36
\JY1/mc/m/n/10 定
 []


Overfull \hbox (9.62216pt too wide) in paragraph at lines 25--36
\JY1/mc/m/n/10 義
 []


Overfull \hbox (9.62216pt too wide) in paragraph at lines 25--36
\JY1/mc/m/n/10 で
 []


Overfull \hbox (9.62216pt too wide) in paragraph at lines 25--36
\JY1/mc/m/n/10 き
 []


Overfull \hbox (9.62216pt too wide) in paragraph at lines 25--36
\JY1/mc/m/n/10 な
 []


Overfull \hbox (9.62216pt too wide) in paragraph at lines 25--36
\JY1/mc/m/n/10 い
 []


Overfull \hbox (9.62216pt too wide) in paragraph at lines 25--36
\JY1/mc/m/n/10 こ
 []


Overfull \hbox (9.62216pt too wide) in paragraph at lines 25--36
\JY1/mc/m/n/10 と
 []


Overfull \hbox (9.62216pt too wide) in paragraph at lines 25--36
\JY1/mc/m/n/10 も
 []


Overfull \hbox (9.62216pt too wide) in paragraph at lines 25--36
\JY1/mc/m/n/10 大
 []


Overfull \hbox (9.62216pt too wide) in paragraph at lines 25--36
\JY1/mc/m/n/10 き
 []


Overfull \hbox (9.62216pt too wide) in paragraph at lines 25--36
\JY1/mc/m/n/10 な
 []


Overfull \hbox (9.62216pt too wide) in paragraph at lines 25--36
\JY1/mc/m/n/10 問
 []


Overfull \hbox (9.62216pt too wide) in paragraph at lines 25--36
\JY1/mc/m/n/10 題
 []


Overfull \hbox (9.62216pt too wide) in paragraph at lines 25--36
\JY1/mc/m/n/10 で
 []


Overfull \hbox (9.62216pt too wide) in paragraph at lines 25--36
\JY1/mc/m/n/10 あ
 []


Overfull \hbox (12.39995pt too wide) in paragraph at lines 25--36
\JY1/mc/m/n/10 る\OT1/cmr/m/n/10 . 
 []

./relatedwork.tex:37: Undefined control sequence.
l.37 \changeindent
                  {0cm}
The control sequence at the end of the top line
of your error message was never \def'ed. If you have
misspelled it (e.g., `\hobx'), type `I' and the correct
spelling (e.g., `I\hbox'). Otherwise just continue,
and I'll forget about whatever was undefined.


./relatedwork.tex:37: LaTeX Error: Missing \begin{document}.

See the LaTeX manual or LaTeX Companion for explanation.
Type  H <return>  for immediate help.
 ...                                              
                                                  
l.37 \changeindent{0
                    cm}
You're in trouble here.  Try typing  <return>  to proceed.
If that doesn't work, type  X <return>  to quit.

./relatedwork.tex:38: Undefined control sequence.
l.38 \subsubsection
                   {分散表現}
The control sequence at the end of the top line
of your error message was never \def'ed. If you have
misspelled it (e.g., `\hobx'), type `I' and the correct
spelling (e.g., `I\hbox'). Otherwise just continue,
and I'll forget about whatever was undefined.

./relatedwork.tex:39: Undefined control sequence.
l.39 \changeindent
                  {2cm}
The control sequence at the end of the top line
of your error message was never \def'ed. If you have
misspelled it (e.g., `\hobx'), type `I' and the correct
spelling (e.g., `I\hbox'). Otherwise just continue,
and I'll forget about whatever was undefined.


Overfull \hbox (37.77782pt too wide) in paragraph at lines 37--44
[]\OT1/cmr/m/n/10 0cm
 []


Overfull \hbox (9.62216pt too wide) in paragraph at lines 37--44
\JY1/mc/m/n/10 分
 []


Overfull \hbox (9.62216pt too wide) in paragraph at lines 37--44
\JY1/mc/m/n/10 散
 []


Overfull \hbox (9.62216pt too wide) in paragraph at lines 37--44
\JY1/mc/m/n/10 表
 []


Overfull \hbox (9.62216pt too wide) in paragraph at lines 37--44
\JY1/mc/m/n/10 現
 []


Overfull \hbox (17.77782pt too wide) in paragraph at lines 37--44
\OT1/cmr/m/n/10 2cm
 []


Overfull \hbox (9.62216pt too wide) in paragraph at lines 37--44
\JY1/mc/m/n/10 局
 []


Overfull \hbox (9.62216pt too wide) in paragraph at lines 37--44
\JY1/mc/m/n/10 所
 []


Overfull \hbox (9.62216pt too wide) in paragraph at lines 37--44
\JY1/mc/m/n/10 表
 []


Overfull \hbox (9.62216pt too wide) in paragraph at lines 37--44
\JY1/mc/m/n/10 現
 []


Overfull \hbox (9.62216pt too wide) in paragraph at lines 37--44
\JY1/mc/m/n/10 の
 []


Overfull \hbox (9.62216pt too wide) in paragraph at lines 37--44
\JY1/mc/m/n/10 問
 []


Overfull \hbox (9.62216pt too wide) in paragraph at lines 37--44
\JY1/mc/m/n/10 題
 []


Overfull \hbox (9.62216pt too wide) in paragraph at lines 37--44
\JY1/mc/m/n/10 点
 []


Overfull \hbox (9.62216pt too wide) in paragraph at lines 37--44
\JY1/mc/m/n/10 を
 []


Overfull \hbox (9.62216pt too wide) in paragraph at lines 37--44
\JY1/mc/m/n/10 解
 []


Overfull \hbox (9.62216pt too wide) in paragraph at lines 37--44
\JY1/mc/m/n/10 決
 []


Overfull \hbox (9.62216pt too wide) in paragraph at lines 37--44
\JY1/mc/m/n/10 す
 []


Overfull \hbox (9.62216pt too wide) in paragraph at lines 37--44
\JY1/mc/m/n/10 る
 []


Overfull \hbox (9.62216pt too wide) in paragraph at lines 37--44
\JY1/mc/m/n/10 た
 []


Overfull \hbox (9.62216pt too wide) in paragraph at lines 37--44
\JY1/mc/m/n/10 め
 []


Overfull \hbox (9.62216pt too wide) in paragraph at lines 37--44
\JY1/mc/m/n/10 に
 []


Overfull \hbox (9.62216pt too wide) in paragraph at lines 37--44
\JY1/mc/m/n/10 考
 []


Overfull \hbox (9.62216pt too wide) in paragraph at lines 37--44
\JY1/mc/m/n/10 案
 []


Overfull \hbox (9.62216pt too wide) in paragraph at lines 37--44
\JY1/mc/m/n/10 さ
 []


Overfull \hbox (9.62216pt too wide) in paragraph at lines 37--44
\JY1/mc/m/n/10 れ
 []


Overfull \hbox (9.62216pt too wide) in paragraph at lines 37--44
\JY1/mc/m/n/10 た
 []


Overfull \hbox (9.62216pt too wide) in paragraph at lines 37--44
\JY1/mc/m/n/10 手
 []


Overfull \hbox (9.62216pt too wide) in paragraph at lines 37--44
\JY1/mc/m/n/10 法
 []


Overfull \hbox (9.62216pt too wide) in paragraph at lines 37--44
\JY1/mc/m/n/10 が
 []


Overfull \hbox (9.62216pt too wide) in paragraph at lines 37--44
\JY1/mc/m/n/10 分
 []


Overfull \hbox (9.62216pt too wide) in paragraph at lines 37--44
\JY1/mc/m/n/10 散
 []


Overfull \hbox (9.62216pt too wide) in paragraph at lines 37--44
\JY1/mc/m/n/10 表
 []


Overfull \hbox (9.62216pt too wide) in paragraph at lines 37--44
\JY1/mc/m/n/10 現
 []


Overfull \hbox (9.62216pt too wide) in paragraph at lines 37--44
\JY1/mc/m/n/10 で
 []


Overfull \hbox (9.62216pt too wide) in paragraph at lines 37--44
\JY1/mc/m/n/10 あ
 []


Overfull \hbox (12.39995pt too wide) in paragraph at lines 37--44
\JY1/mc/m/n/10 る\OT1/cmr/m/n/10 .
 []


Overfull \hbox (9.62216pt too wide) in paragraph at lines 37--44
\JY1/mc/m/n/10 分
 []


Overfull \hbox (9.62216pt too wide) in paragraph at lines 37--44
\JY1/mc/m/n/10 散
 []


Overfull \hbox (9.62216pt too wide) in paragraph at lines 37--44
\JY1/mc/m/n/10 表
 []


Overfull \hbox (9.62216pt too wide) in paragraph at lines 37--44
\JY1/mc/m/n/10 現
 []


Overfull \hbox (9.62216pt too wide) in paragraph at lines 37--44
\JY1/mc/m/n/10 は
 []


Overfull \hbox (9.62216pt too wide) in paragraph at lines 37--44
\JY1/mc/m/n/10 各
 []


Overfull \hbox (9.62216pt too wide) in paragraph at lines 37--44
\JY1/mc/m/n/10 概
 []


Overfull \hbox (9.62216pt too wide) in paragraph at lines 37--44
\JY1/mc/m/n/10 念
 []


Overfull \hbox (9.62216pt too wide) in paragraph at lines 37--44
\JY1/mc/m/n/10 を
 []


Overfull \hbox (9.62216pt too wide) in paragraph at lines 37--44
\JY1/mc/m/n/10 ベ
 []


Overfull \hbox (9.62216pt too wide) in paragraph at lines 37--44
\JY1/mc/m/n/10 ク
 []


Overfull \hbox (9.62216pt too wide) in paragraph at lines 37--44
\JY1/mc/m/n/10 ト
 []


Overfull \hbox (9.62216pt too wide) in paragraph at lines 37--44
\JY1/mc/m/n/10 ル
 []


Overfull \hbox (9.62216pt too wide) in paragraph at lines 37--44
\JY1/mc/m/n/10 の
 []


Overfull \hbox (9.62216pt too wide) in paragraph at lines 37--44
\JY1/mc/m/n/10 単
 []


Overfull \hbox (9.62216pt too wide) in paragraph at lines 37--44
\JY1/mc/m/n/10 一
 []


Overfull \hbox (9.62216pt too wide) in paragraph at lines 37--44
\JY1/mc/m/n/10 次
 []


Overfull \hbox (9.62216pt too wide) in paragraph at lines 37--44
\JY1/mc/m/n/10 元
 []


Overfull \hbox (9.62216pt too wide) in paragraph at lines 37--44
\JY1/mc/m/n/10 で
 []


Overfull \hbox (9.62216pt too wide) in paragraph at lines 37--44
\JY1/mc/m/n/10 は
 []


Overfull \hbox (9.62216pt too wide) in paragraph at lines 37--44
\JY1/mc/m/n/10 な
 []


Overfull \hbox (9.62216pt too wide) in paragraph at lines 37--44
\JY1/mc/m/n/10 く
 []


Overfull \hbox (9.62216pt too wide) in paragraph at lines 37--44
\JY1/mc/m/n/10 複
 []


Overfull \hbox (9.62216pt too wide) in paragraph at lines 37--44
\JY1/mc/m/n/10 数
 []


Overfull \hbox (9.62216pt too wide) in paragraph at lines 37--44
\JY1/mc/m/n/10 次
 []


Overfull \hbox (9.62216pt too wide) in paragraph at lines 37--44
\JY1/mc/m/n/10 元
 []


Overfull \hbox (9.62216pt too wide) in paragraph at lines 37--44
\JY1/mc/m/n/10 の
 []


Overfull \hbox (9.62216pt too wide) in paragraph at lines 37--44
\JY1/mc/m/n/10 実
 []


Overfull \hbox (9.62216pt too wide) in paragraph at lines 37--44
\JY1/mc/m/n/10 数
 []


Overfull \hbox (9.62216pt too wide) in paragraph at lines 37--44
\JY1/mc/m/n/10 で
 []


Overfull \hbox (9.62216pt too wide) in paragraph at lines 37--44
\JY1/mc/m/n/10 表
 []


Overfull \hbox (12.39995pt too wide) in paragraph at lines 37--44
\JY1/mc/m/n/10 す\OT1/cmr/m/n/10 .
 []


Overfull \hbox (9.62216pt too wide) in paragraph at lines 37--44
\JY1/mc/m/n/10 単
 []


Overfull \hbox (9.62216pt too wide) in paragraph at lines 37--44
\JY1/mc/m/n/10 語
 []


Overfull \hbox (9.62216pt too wide) in paragraph at lines 37--44
\JY1/mc/m/n/10 の
 []


Overfull \hbox (9.62216pt too wide) in paragraph at lines 37--44
\JY1/mc/m/n/10 分
 []


Overfull \hbox (9.62216pt too wide) in paragraph at lines 37--44
\JY1/mc/m/n/10 散
 []


Overfull \hbox (9.62216pt too wide) in paragraph at lines 37--44
\JY1/mc/m/n/10 表
 []


Overfull \hbox (9.62216pt too wide) in paragraph at lines 37--44
\JY1/mc/m/n/10 現
 []


Overfull \hbox (12.65881pt too wide) in paragraph at lines 37--44
\JY1/mc/m/n/10 は ，
 []


Overfull \hbox (9.62216pt too wide) in paragraph at lines 37--44
\JY1/mc/m/n/10 類
 []


Overfull \hbox (9.62216pt too wide) in paragraph at lines 37--44
\JY1/mc/m/n/10 似
 []


Overfull \hbox (9.62216pt too wide) in paragraph at lines 37--44
\JY1/mc/m/n/10 し
 []


Overfull \hbox (9.62216pt too wide) in paragraph at lines 37--44
\JY1/mc/m/n/10 た
 []


Overfull \hbox (9.62216pt too wide) in paragraph at lines 37--44
\JY1/mc/m/n/10 文
 []


Overfull \hbox (9.62216pt too wide) in paragraph at lines 37--44
\JY1/mc/m/n/10 脈
 []


Overfull \hbox (9.62216pt too wide) in paragraph at lines 37--44
\JY1/mc/m/n/10 で
 []


Overfull \hbox (9.62216pt too wide) in paragraph at lines 37--44
\JY1/mc/m/n/10 使
 []


Overfull \hbox (9.62216pt too wide) in paragraph at lines 37--44
\JY1/mc/m/n/10 用
 []


Overfull \hbox (9.62216pt too wide) in paragraph at lines 37--44
\JY1/mc/m/n/10 さ
 []


Overfull \hbox (9.62216pt too wide) in paragraph at lines 37--44
\JY1/mc/m/n/10 れ
 []


Overfull \hbox (9.62216pt too wide) in paragraph at lines 37--44
\JY1/mc/m/n/10 る
 []


Overfull \hbox (9.62216pt too wide) in paragraph at lines 37--44
\JY1/mc/m/n/10 単
 []


Overfull \hbox (9.62216pt too wide) in paragraph at lines 37--44
\JY1/mc/m/n/10 語
 []


Overfull \hbox (9.62216pt too wide) in paragraph at lines 37--44
\JY1/mc/m/n/10 は
 []


Overfull \hbox (9.62216pt too wide) in paragraph at lines 37--44
\JY1/mc/m/n/10 類
 []


Overfull \hbox (9.62216pt too wide) in paragraph at lines 37--44
\JY1/mc/m/n/10 似
 []


Overfull \hbox (9.62216pt too wide) in paragraph at lines 37--44
\JY1/mc/m/n/10 し
 []


Overfull \hbox (9.62216pt too wide) in paragraph at lines 37--44
\JY1/mc/m/n/10 た
 []


Overfull \hbox (9.62216pt too wide) in paragraph at lines 37--44
\JY1/mc/m/n/10 意
 []


Overfull \hbox (9.62216pt too wide) in paragraph at lines 37--44
\JY1/mc/m/n/10 味
 []


Overfull \hbox (9.62216pt too wide) in paragraph at lines 37--44
\JY1/mc/m/n/10 を
 []


Overfull \hbox (9.62216pt too wide) in paragraph at lines 37--44
\JY1/mc/m/n/10 も
 []


Overfull \hbox (12.65881pt too wide) in paragraph at lines 37--44
\JY1/mc/m/n/10 つ ，
 []


Overfull \hbox (9.62216pt too wide) in paragraph at lines 37--44
\JY1/mc/m/n/10 と
 []


Overfull \hbox (9.62216pt too wide) in paragraph at lines 37--44
\JY1/mc/m/n/10 い
 []


Overfull \hbox (9.62216pt too wide) in paragraph at lines 37--44
\JY1/mc/m/n/10 う
 []


Overfull \hbox (9.62216pt too wide) in paragraph at lines 37--44
\JY1/mc/m/n/10 分
 []


Overfull \hbox (9.62216pt too wide) in paragraph at lines 37--44
\JY1/mc/m/n/10 布
 []


Overfull \hbox (9.62216pt too wide) in paragraph at lines 37--44
\JY1/mc/m/n/10 仮
 []


Overfull \hbox (9.62216pt too wide) in paragraph at lines 37--44
\JY1/mc/m/n/10 説
 []


Overfull \hbox (9.62216pt too wide) in paragraph at lines 37--44
\JY1/mc/m/n/10 を
 []


Overfull \hbox (9.62216pt too wide) in paragraph at lines 37--44
\JY1/mc/m/n/10 基
 []


Overfull \hbox (9.62216pt too wide) in paragraph at lines 37--44
\JY1/mc/m/n/10 盤
 []


Overfull \hbox (9.62216pt too wide) in paragraph at lines 37--44
\JY1/mc/m/n/10 と
 []


Overfull \hbox (9.62216pt too wide) in paragraph at lines 37--44
\JY1/mc/m/n/10 し
 []


Overfull \hbox (9.62216pt too wide) in paragraph at lines 37--44
\JY1/mc/m/n/10 て
 []


Overfull \hbox (9.62216pt too wide) in paragraph at lines 37--44
\JY1/mc/m/n/10 い
 []


Overfull \hbox (12.39995pt too wide) in paragraph at lines 37--44
\JY1/mc/m/n/10 る\OT1/cmr/m/n/10 .
 []


Overfull \hbox (9.62216pt too wide) in paragraph at lines 37--44
\JY1/mc/m/n/10 単
 []


Overfull \hbox (9.62216pt too wide) in paragraph at lines 37--44
\JY1/mc/m/n/10 語
 []


Overfull \hbox (9.62216pt too wide) in paragraph at lines 37--44
\JY1/mc/m/n/10 を
 []


Overfull \hbox (9.62216pt too wide) in paragraph at lines 37--44
\JY1/mc/m/n/10 実
 []


Overfull \hbox (9.62216pt too wide) in paragraph at lines 37--44
\JY1/mc/m/n/10 数
 []


Overfull \hbox (9.62216pt too wide) in paragraph at lines 37--44
\JY1/mc/m/n/10 値
 []


Overfull \hbox (9.62216pt too wide) in paragraph at lines 37--44
\JY1/mc/m/n/10 密
 []


Overfull \hbox (9.62216pt too wide) in paragraph at lines 37--44
\JY1/mc/m/n/10 ベ
 []


Overfull \hbox (9.62216pt too wide) in paragraph at lines 37--44
\JY1/mc/m/n/10 ク
 []


Overfull \hbox (9.62216pt too wide) in paragraph at lines 37--44
\JY1/mc/m/n/10 ト
 []


Overfull \hbox (9.62216pt too wide) in paragraph at lines 37--44
\JY1/mc/m/n/10 ル
 []


Overfull \hbox (9.62216pt too wide) in paragraph at lines 37--44
\JY1/mc/m/n/10 で
 []


Overfull \hbox (9.62216pt too wide) in paragraph at lines 37--44
\JY1/mc/m/n/10 表
 []


Overfull \hbox (9.62216pt too wide) in paragraph at lines 37--44
\JY1/mc/m/n/10 現
 []


Overfull \hbox (9.62216pt too wide) in paragraph at lines 37--44
\JY1/mc/m/n/10 す
 []


Overfull \hbox (9.62216pt too wide) in paragraph at lines 37--44
\JY1/mc/m/n/10 る
 []


Overfull \hbox (9.62216pt too wide) in paragraph at lines 37--44
\JY1/mc/m/n/10 こ
 []


Overfull \hbox (9.62216pt too wide) in paragraph at lines 37--44
\JY1/mc/m/n/10 と
 []


Overfull \hbox (9.62216pt too wide) in paragraph at lines 37--44
\JY1/mc/m/n/10 に
 []


Overfull \hbox (9.62216pt too wide) in paragraph at lines 37--44
\JY1/mc/m/n/10 よ
 []


Overfull \hbox (12.39995pt too wide) in paragraph at lines 37--44
\JY1/mc/m/n/10 り\OT1/cmr/m/n/10 ,
 []


Overfull \hbox (9.62216pt too wide) in paragraph at lines 37--44
\JY1/mc/m/n/10 単
 []


Overfull \hbox (9.62216pt too wide) in paragraph at lines 37--44
\JY1/mc/m/n/10 語
 []


Overfull \hbox (9.62216pt too wide) in paragraph at lines 37--44
\JY1/mc/m/n/10 間
 []


Overfull \hbox (9.62216pt too wide) in paragraph at lines 37--44
\JY1/mc/m/n/10 の
 []


Overfull \hbox (9.62216pt too wide) in paragraph at lines 37--44
\JY1/mc/m/n/10 意
 []


Overfull \hbox (9.62216pt too wide) in paragraph at lines 37--44
\JY1/mc/m/n/10 味
 []


Overfull \hbox (9.62216pt too wide) in paragraph at lines 37--44
\JY1/mc/m/n/10 的
 []


Overfull \hbox (9.62216pt too wide) in paragraph at lines 37--44
\JY1/mc/m/n/10 な
 []


Overfull \hbox (9.62216pt too wide) in paragraph at lines 37--44
\JY1/mc/m/n/10 関
 []


Overfull \hbox (9.62216pt too wide) in paragraph at lines 37--44
\JY1/mc/m/n/10 係
 []


Overfull \hbox (9.62216pt too wide) in paragraph at lines 37--44
\JY1/mc/m/n/10 性
 []


Overfull \hbox (9.62216pt too wide) in paragraph at lines 37--44
\JY1/mc/m/n/10 を
 []


Overfull \hbox (9.62216pt too wide) in paragraph at lines 37--44
\JY1/mc/m/n/10 ベ
 []


Overfull \hbox (9.62216pt too wide) in paragraph at lines 37--44
\JY1/mc/m/n/10 ク
 []


Overfull \hbox (9.62216pt too wide) in paragraph at lines 37--44
\JY1/mc/m/n/10 ト
 []


Overfull \hbox (9.62216pt too wide) in paragraph at lines 37--44
\JY1/mc/m/n/10 ル
 []


Overfull \hbox (9.62216pt too wide) in paragraph at lines 37--44
\JY1/mc/m/n/10 空
 []


Overfull \hbox (9.62216pt too wide) in paragraph at lines 37--44
\JY1/mc/m/n/10 間
 []


Overfull \hbox (9.62216pt too wide) in paragraph at lines 37--44
\JY1/mc/m/n/10 上
 []


Overfull \hbox (9.62216pt too wide) in paragraph at lines 37--44
\JY1/mc/m/n/10 で
 []


Overfull \hbox (9.62216pt too wide) in paragraph at lines 37--44
\JY1/mc/m/n/10 の
 []


Overfull \hbox (9.62216pt too wide) in paragraph at lines 37--44
\JY1/mc/m/n/10 類
 []


Overfull \hbox (9.62216pt too wide) in paragraph at lines 37--44
\JY1/mc/m/n/10 似
 []


Overfull \hbox (9.62216pt too wide) in paragraph at lines 37--44
\JY1/mc/m/n/10 度
 []


Overfull \hbox (9.62216pt too wide) in paragraph at lines 37--44
\JY1/mc/m/n/10 と
 []


Overfull \hbox (9.62216pt too wide) in paragraph at lines 37--44
\JY1/mc/m/n/10 し
 []


Overfull \hbox (9.62216pt too wide) in paragraph at lines 37--44
\JY1/mc/m/n/10 て
 []


Overfull \hbox (9.62216pt too wide) in paragraph at lines 37--44
\JY1/mc/m/n/10 定
 []


Overfull \hbox (9.62216pt too wide) in paragraph at lines 37--44
\JY1/mc/m/n/10 義
 []


Overfull \hbox (9.62216pt too wide) in paragraph at lines 37--44
\JY1/mc/m/n/10 で
 []


Overfull \hbox (9.62216pt too wide) in paragraph at lines 37--44
\JY1/mc/m/n/10 き
 []


Overfull \hbox (9.62216pt too wide) in paragraph at lines 37--44
\JY1/mc/m/n/10 る
 []


Overfull \hbox (9.62216pt too wide) in paragraph at lines 37--44
\JY1/mc/m/n/10 と
 []


Overfull \hbox (9.62216pt too wide) in paragraph at lines 37--44
\JY1/mc/m/n/10 い
 []


Overfull \hbox (9.62216pt too wide) in paragraph at lines 37--44
\JY1/mc/m/n/10 う
 []


Overfull \hbox (9.62216pt too wide) in paragraph at lines 37--44
\JY1/mc/m/n/10 利
 []


Overfull \hbox (9.62216pt too wide) in paragraph at lines 37--44
\JY1/mc/m/n/10 点
 []


Overfull \hbox (9.62216pt too wide) in paragraph at lines 37--44
\JY1/mc/m/n/10 が
 []


Overfull \hbox (9.62216pt too wide) in paragraph at lines 37--44
\JY1/mc/m/n/10 あ
 []


Overfull \hbox (12.39995pt too wide) in paragraph at lines 37--44
\JY1/mc/m/n/10 る\OT1/cmr/m/n/10 . 
 []

./relatedwork.tex:55: Undefined control sequence.
l.55 \changeindent
                  {0cm}
The control sequence at the end of the top line
of your error message was never \def'ed. If you have
misspelled it (e.g., `\hobx'), type `I' and the correct
spelling (e.g., `I\hbox'). Otherwise just continue,
and I'll forget about whatever was undefined.


./relatedwork.tex:55: LaTeX Error: Missing \begin{document}.

See the LaTeX manual or LaTeX Companion for explanation.
Type  H <return>  for immediate help.
 ...                                              
                                                  
l.55 \changeindent{0
                    cm}
You're in trouble here.  Try typing  <return>  to proceed.
If that doesn't work, type  X <return>  to quit.

./relatedwork.tex:56: Undefined control sequence.
l.56 \subsubsection
                   {Bidirectional Encoder Representations from Transformers}
The control sequence at the end of the top line
of your error message was never \def'ed. If you have
misspelled it (e.g., `\hobx'), type `I' and the correct
spelling (e.g., `I\hbox'). Otherwise just continue,
and I'll forget about whatever was undefined.

./relatedwork.tex:57: Undefined control sequence.
l.57 \changeindent
                  {2cm}
The control sequence at the end of the top line
of your error message was never \def'ed. If you have
misspelled it (e.g., `\hobx'), type `I' and the correct
spelling (e.g., `I\hbox'). Otherwise just continue,
and I'll forget about whatever was undefined.

\citation{devlin2018bert}
./relatedwork.tex:58: Undefined control sequence.
<write> ...: Citation `\@citeb ' on page \thepage 
                                                  \space undefined\on@line .^^J
l.58 ... Transformers (BERT) \cite{devlin2018bert}
                                                   は, 2018 年に
The control sequence at the end of the top line
of your error message was never \def'ed. If you have
misspelled it (e.g., `\hobx'), type `I' and the correct
spelling (e.g., `I\hbox'). Otherwise just continue,
and I'll forget about whatever was undefined.


LaTeX Warning: Citation `devlin2018bert' on page  undefined on input line 58.

)
! Emergency stop.
<*> relatedwork.tex
                   
*** (job aborted, no legal \end found)

 
Here is how much of TeX's memory you used:
 26 strings out of 479853
 494 string characters out of 5881677
 289677 words of memory out of 5000000
 17443 multiletter control sequences out of 15000+600000
 407609 words of font info for 45 fonts, out of 8000000 for 9000
 929 hyphenation exceptions out of 8191
 28i,4n,40p,158b,132s stack positions out of 5000i,500n,10000p,200000b,80000s
Output written on ./build/relatedwork.dvi (1 page, 880 bytes).
